mode: set
github.com/cdalar/onctl/main.go:12.13,18.34 2 0
github.com/cdalar/onctl/main.go:18.34,21.3 2 0
github.com/cdalar/onctl/main.go:22.2,24.16 3 0
github.com/cdalar/onctl/main.go:24.16,26.3 1 0
github.com/cdalar/onctl/internal/providerazure/common.go:14.78,16.16 2 0
github.com/cdalar/onctl/internal/providerazure/common.go:16.16,18.3 1 0
github.com/cdalar/onctl/internal/providerazure/common.go:19.2,20.16 2 0
github.com/cdalar/onctl/internal/providerazure/common.go:20.16,22.3 1 0
github.com/cdalar/onctl/internal/providerazure/common.go:24.2,24.28 1 0
github.com/cdalar/onctl/internal/providerazure/common.go:27.65,29.16 2 0
github.com/cdalar/onctl/internal/providerazure/common.go:29.16,31.3 1 0
github.com/cdalar/onctl/internal/providerazure/common.go:32.2,34.16 2 0
github.com/cdalar/onctl/internal/providerazure/common.go:34.16,36.3 1 0
github.com/cdalar/onctl/internal/providerazure/common.go:38.2,38.17 1 0
github.com/cdalar/onctl/internal/providerazure/common.go:41.62,43.16 2 0
github.com/cdalar/onctl/internal/providerazure/common.go:43.16,45.3 1 0
github.com/cdalar/onctl/internal/providerazure/common.go:46.2,47.16 2 0
github.com/cdalar/onctl/internal/providerazure/common.go:47.16,49.3 1 0
github.com/cdalar/onctl/internal/providerazure/common.go:51.2,51.18 1 0
github.com/cdalar/onctl/internal/providerazure/common.go:54.68,56.16 2 0
github.com/cdalar/onctl/internal/providerazure/common.go:56.16,58.3 1 0
github.com/cdalar/onctl/internal/providerazure/common.go:59.2,60.16 2 0
github.com/cdalar/onctl/internal/providerazure/common.go:60.16,62.3 1 0
github.com/cdalar/onctl/internal/providerazure/common.go:64.2,64.18 1 0
github.com/cdalar/onctl/internal/providerazure/common.go:67.73,69.16 2 0
github.com/cdalar/onctl/internal/providerazure/common.go:69.16,71.3 1 0
github.com/cdalar/onctl/internal/providerazure/common.go:72.2,73.16 2 0
github.com/cdalar/onctl/internal/providerazure/common.go:73.16,75.3 1 0
github.com/cdalar/onctl/internal/providerazure/common.go:77.2,77.17 1 0
github.com/cdalar/onctl/internal/providerazure/common.go:80.69,82.16 2 0
github.com/cdalar/onctl/internal/providerazure/common.go:82.16,84.3 1 0
github.com/cdalar/onctl/internal/providerazure/common.go:85.2,86.16 2 0
github.com/cdalar/onctl/internal/providerazure/common.go:86.16,88.3 1 0
github.com/cdalar/onctl/internal/providerazure/common.go:90.2,90.19 1 0
github.com/cdalar/onctl/internal/providerazure/common.go:93.56,95.16 2 0
github.com/cdalar/onctl/internal/providerazure/common.go:95.16,97.3 1 0
github.com/cdalar/onctl/internal/providerazure/common.go:98.2,98.18 1 0
github.com/cdalar/onctl/internal/provideraws/common.go:18.101,27.16 3 0
github.com/cdalar/onctl/internal/provideraws/common.go:27.16,28.41 1 0
github.com/cdalar/onctl/internal/provideraws/common.go:28.41,29.23 1 0
github.com/cdalar/onctl/internal/provideraws/common.go:30.12,31.30 1 0
github.com/cdalar/onctl/internal/provideraws/common.go:33.9,37.4 1 0
github.com/cdalar/onctl/internal/provideraws/common.go:41.61,52.16 3 0
github.com/cdalar/onctl/internal/provideraws/common.go:52.16,53.41 1 0
github.com/cdalar/onctl/internal/provideraws/common.go:53.41,54.23 1 0
github.com/cdalar/onctl/internal/provideraws/common.go:55.12,56.30 1 0
github.com/cdalar/onctl/internal/provideraws/common.go:58.9,62.4 1 0
github.com/cdalar/onctl/internal/provideraws/common.go:64.2,64.43 1 0
github.com/cdalar/onctl/internal/provideraws/common.go:67.66,73.16 2 0
github.com/cdalar/onctl/internal/provideraws/common.go:73.16,74.41 1 0
github.com/cdalar/onctl/internal/provideraws/common.go:74.41,75.23 1 0
github.com/cdalar/onctl/internal/provideraws/common.go:76.12,77.30 1 0
github.com/cdalar/onctl/internal/provideraws/common.go:79.9,83.4 1 0
github.com/cdalar/onctl/internal/provideraws/common.go:86.2,86.33 1 0
github.com/cdalar/onctl/internal/provideraws/common.go:86.33,89.3 2 0
github.com/cdalar/onctl/internal/provideraws/common.go:89.8,101.17 4 0
github.com/cdalar/onctl/internal/provideraws/common.go:101.17,102.42 1 0
github.com/cdalar/onctl/internal/provideraws/common.go:102.42,103.24 1 0
github.com/cdalar/onctl/internal/provideraws/common.go:104.13,105.31 1 0
github.com/cdalar/onctl/internal/provideraws/common.go:107.10,111.5 1 0
github.com/cdalar/onctl/internal/provideraws/common.go:113.3,120.17 2 0
github.com/cdalar/onctl/internal/provideraws/common.go:120.17,122.4 1 0
github.com/cdalar/onctl/internal/provideraws/common.go:134.3,135.24 2 0
github.com/cdalar/onctl/internal/provideraws/common.go:139.50,143.16 3 0
github.com/cdalar/onctl/internal/provideraws/common.go:143.16,144.41 1 0
github.com/cdalar/onctl/internal/provideraws/common.go:144.41,145.23 1 0
github.com/cdalar/onctl/internal/provideraws/common.go:146.12,147.30 1 0
github.com/cdalar/onctl/internal/provideraws/common.go:149.9,153.4 1 0
github.com/cdalar/onctl/internal/provideraws/common.go:154.3,154.13 1 0
github.com/cdalar/onctl/internal/provideraws/common.go:156.2,157.48 2 0
github.com/cdalar/onctl/internal/provideraws/common.go:157.48,159.3 1 0
github.com/cdalar/onctl/internal/provideraws/common.go:160.2,160.14 1 0
github.com/cdalar/onctl/internal/provideraws/common.go:163.57,169.28 5 0
github.com/cdalar/onctl/internal/provideraws/common.go:169.28,180.17 3 0
github.com/cdalar/onctl/internal/provideraws/common.go:180.17,181.42 1 0
github.com/cdalar/onctl/internal/provideraws/common.go:181.42,182.24 1 0
github.com/cdalar/onctl/internal/provideraws/common.go:183.13,184.31 1 0
github.com/cdalar/onctl/internal/provideraws/common.go:186.10,190.5 1 0
github.com/cdalar/onctl/internal/provideraws/common.go:192.3,192.57 1 0
github.com/cdalar/onctl/internal/provideraws/common.go:194.2,195.18 2 0
github.com/cdalar/onctl/internal/provideraws/common.go:198.84,204.16 2 0
github.com/cdalar/onctl/internal/provideraws/common.go:204.16,205.41 1 0
github.com/cdalar/onctl/internal/provideraws/common.go:205.41,206.23 1 0
github.com/cdalar/onctl/internal/provideraws/common.go:207.12,208.30 1 0
github.com/cdalar/onctl/internal/provideraws/common.go:210.9,214.4 1 0
github.com/cdalar/onctl/internal/provideraws/common.go:216.2,216.36 1 0
github.com/cdalar/onctl/internal/provideraws/common.go:216.36,217.52 1 0
github.com/cdalar/onctl/internal/provideraws/common.go:217.52,218.69 1 0
github.com/cdalar/onctl/internal/provideraws/common.go:218.69,221.5 2 0
github.com/cdalar/onctl/internal/provideraws/common.go:225.2,230.16 3 0
github.com/cdalar/onctl/internal/provideraws/common.go:230.16,231.41 1 0
github.com/cdalar/onctl/internal/provideraws/common.go:231.41,232.23 1 0
github.com/cdalar/onctl/internal/provideraws/common.go:233.12,234.30 1 0
github.com/cdalar/onctl/internal/provideraws/common.go:236.9,240.4 1 0
github.com/cdalar/onctl/internal/provideraws/common.go:244.50,252.16 3 0
github.com/cdalar/onctl/internal/provideraws/common.go:252.16,253.41 1 0
github.com/cdalar/onctl/internal/provideraws/common.go:253.41,254.23 1 0
github.com/cdalar/onctl/internal/provideraws/common.go:255.12,256.30 1 0
github.com/cdalar/onctl/internal/provideraws/common.go:258.9,262.4 1 0
github.com/cdalar/onctl/internal/provideraws/common.go:265.2,265.36 1 0
github.com/cdalar/onctl/internal/provideraws/common.go:265.36,268.3 2 0
github.com/cdalar/onctl/internal/provideraws/common.go:270.2,278.16 4 0
github.com/cdalar/onctl/internal/provideraws/common.go:278.16,279.41 1 0
github.com/cdalar/onctl/internal/provideraws/common.go:279.41,280.23 1 0
github.com/cdalar/onctl/internal/provideraws/common.go:281.12,282.30 1 0
github.com/cdalar/onctl/internal/provideraws/common.go:284.9,288.4 1 0
github.com/cdalar/onctl/internal/provideraws/common.go:290.2,291.58 2 0
github.com/cdalar/onctl/internal/provideraws/common.go:294.38,306.16 4 0
github.com/cdalar/onctl/internal/provideraws/common.go:306.16,307.41 1 0
github.com/cdalar/onctl/internal/provideraws/common.go:307.41,308.23 1 0
github.com/cdalar/onctl/internal/provideraws/common.go:309.12,310.30 1 0
github.com/cdalar/onctl/internal/provideraws/common.go:312.9,316.4 1 0
github.com/cdalar/onctl/internal/provideraws/common.go:318.2,319.22 2 0
github.com/cdalar/onctl/internal/provideraws/common.go:323.59,329.25 4 0
github.com/cdalar/onctl/internal/provideraws/common.go:329.25,333.3 3 0
github.com/cdalar/onctl/internal/provideraws/common.go:333.8,337.34 4 0
github.com/cdalar/onctl/internal/provideraws/common.go:337.34,339.4 1 0
github.com/cdalar/onctl/internal/provideraws/common.go:341.2,341.25 1 0
github.com/cdalar/onctl/internal/provideraws/common.go:344.27,349.16 2 0
github.com/cdalar/onctl/internal/provideraws/common.go:349.16,351.3 1 0
github.com/cdalar/onctl/internal/provideraws/common.go:352.2,352.22 1 0
github.com/cdalar/onctl/internal/provideraws/common.go:356.47,382.16 4 0
github.com/cdalar/onctl/internal/provideraws/common.go:382.16,383.41 1 0
github.com/cdalar/onctl/internal/provideraws/common.go:383.41,384.23 1 0
github.com/cdalar/onctl/internal/provideraws/common.go:385.12,386.30 1 0
github.com/cdalar/onctl/internal/provideraws/common.go:388.9,392.4 1 0
github.com/cdalar/onctl/internal/provideraws/common.go:393.3,393.17 1 0
github.com/cdalar/onctl/internal/provideraws/common.go:396.2,396.29 1 0
github.com/cdalar/onctl/internal/provideraws/common.go:396.29,398.3 1 0
github.com/cdalar/onctl/internal/provideraws/common.go:401.2,404.38 3 0
github.com/cdalar/onctl/internal/provideraws/common.go:404.38,405.32 1 0
github.com/cdalar/onctl/internal/provideraws/common.go:405.32,406.12 1 0
github.com/cdalar/onctl/internal/provideraws/common.go:409.3,410.17 2 0
github.com/cdalar/onctl/internal/provideraws/common.go:410.17,412.12 2 0
github.com/cdalar/onctl/internal/provideraws/common.go:415.3,415.59 1 0
github.com/cdalar/onctl/internal/provideraws/common.go:415.59,418.4 2 0
github.com/cdalar/onctl/internal/provideraws/common.go:421.2,421.24 1 0
github.com/cdalar/onctl/internal/provideraws/common.go:421.24,423.3 1 0
github.com/cdalar/onctl/internal/provideraws/common.go:425.2,426.34 2 0
github.com/cdalar/onctl/internal/provideraws/common.go:429.40,449.16 4 0
github.com/cdalar/onctl/internal/provideraws/common.go:449.16,450.41 1 0
github.com/cdalar/onctl/internal/provideraws/common.go:450.41,451.23 1 0
github.com/cdalar/onctl/internal/provideraws/common.go:452.12,453.30 1 0
github.com/cdalar/onctl/internal/provideraws/common.go:455.9,459.4 1 0
github.com/cdalar/onctl/internal/provideraws/common.go:460.3,460.18 1 0
github.com/cdalar/onctl/internal/provideraws/common.go:462.2,462.27 1 0
github.com/cdalar/onctl/internal/provideraws/common.go:465.92,475.16 7 0
github.com/cdalar/onctl/internal/provideraws/common.go:475.16,476.41 1 0
github.com/cdalar/onctl/internal/provideraws/common.go:476.41,477.23 1 0
github.com/cdalar/onctl/internal/provideraws/common.go:478.12,479.30 1 0
github.com/cdalar/onctl/internal/provideraws/common.go:481.9,485.4 1 0
github.com/cdalar/onctl/internal/provideraws/common.go:491.92,493.35 2 0
github.com/cdalar/onctl/internal/provideraws/common.go:493.35,494.52 1 0
github.com/cdalar/onctl/internal/provideraws/common.go:494.52,497.4 2 0
github.com/cdalar/onctl/internal/provideraws/common.go:500.2,510.16 3 0
github.com/cdalar/onctl/internal/provideraws/common.go:510.16,511.41 1 0
github.com/cdalar/onctl/internal/provideraws/common.go:511.41,512.23 1 0
github.com/cdalar/onctl/internal/provideraws/common.go:513.12,514.30 1 0
github.com/cdalar/onctl/internal/provideraws/common.go:516.9,520.4 1 0
github.com/cdalar/onctl/internal/provideraws/common.go:522.2,529.16 2 0
github.com/cdalar/onctl/internal/provideraws/common.go:529.16,531.3 1 0
github.com/cdalar/onctl/internal/provideraws/common.go:532.2,532.23 1 0
github.com/cdalar/onctl/internal/provideraws/common.go:535.56,547.16 4 0
github.com/cdalar/onctl/internal/provideraws/common.go:547.16,548.41 1 0
github.com/cdalar/onctl/internal/provideraws/common.go:548.41,549.23 1 0
github.com/cdalar/onctl/internal/provideraws/common.go:550.12,551.30 1 0
github.com/cdalar/onctl/internal/provideraws/common.go:553.9,557.4 1 0
github.com/cdalar/onctl/internal/provideraws/common.go:558.3,558.13 1 0
github.com/cdalar/onctl/internal/provideraws/common.go:561.2,561.47 1 0
github.com/cdalar/onctl/internal/provideraws/common.go:564.62,571.16 3 0
github.com/cdalar/onctl/internal/provideraws/common.go:571.16,572.41 1 0
github.com/cdalar/onctl/internal/provideraws/common.go:572.41,573.23 1 0
github.com/cdalar/onctl/internal/provideraws/common.go:574.12,575.30 1 0
github.com/cdalar/onctl/internal/provideraws/common.go:577.9,581.4 1 0
github.com/cdalar/onctl/internal/provideraws/common.go:582.3,582.15 1 0
github.com/cdalar/onctl/internal/provideraws/common.go:584.2,584.33 1 0
github.com/cdalar/onctl/internal/provideraws/common.go:587.72,588.40 1 0
github.com/cdalar/onctl/internal/provideraws/common.go:588.40,591.3 2 0
github.com/cdalar/onctl/internal/provideraws/common.go:592.2,593.16 2 0
github.com/cdalar/onctl/internal/provideraws/common.go:593.16,595.3 1 0
github.com/cdalar/onctl/internal/provideraws/common.go:596.2,602.16 4 0
github.com/cdalar/onctl/internal/provideraws/common.go:602.16,603.41 1 0
github.com/cdalar/onctl/internal/provideraws/common.go:603.41,604.23 1 0
github.com/cdalar/onctl/internal/provideraws/common.go:605.12,606.30 1 0
github.com/cdalar/onctl/internal/provideraws/common.go:608.9,612.4 1 0
github.com/cdalar/onctl/internal/provideraws/common.go:613.3,613.9 1 0
github.com/cdalar/onctl/internal/provideraws/common.go:615.2,615.21 1 0
github.com/cdalar/onctl/internal/provideraws/common.go:618.52,628.16 3 0
github.com/cdalar/onctl/internal/provideraws/common.go:628.16,629.41 1 0
github.com/cdalar/onctl/internal/provideraws/common.go:629.41,630.23 1 0
github.com/cdalar/onctl/internal/provideraws/common.go:631.12,632.30 1 0
github.com/cdalar/onctl/internal/provideraws/common.go:634.9,638.4 1 0
github.com/cdalar/onctl/internal/provideraws/common.go:639.3,639.13 1 0
github.com/cdalar/onctl/internal/provideraws/common.go:641.2,641.29 1 0
github.com/cdalar/onctl/internal/provideraws/common.go:644.74,653.16 2 0
github.com/cdalar/onctl/internal/provideraws/common.go:653.16,654.41 1 0
github.com/cdalar/onctl/internal/provideraws/common.go:654.41,655.23 1 0
github.com/cdalar/onctl/internal/provideraws/common.go:656.12,657.30 1 0
github.com/cdalar/onctl/internal/provideraws/common.go:659.9,663.4 1 0
github.com/cdalar/onctl/internal/provideraws/common.go:665.2,665.27 1 0
github.com/cdalar/onctl/internal/provideraws/common.go:668.77,677.16 2 0
github.com/cdalar/onctl/internal/provideraws/common.go:677.16,678.41 1 0
github.com/cdalar/onctl/internal/provideraws/common.go:678.41,679.23 1 0
github.com/cdalar/onctl/internal/provideraws/common.go:680.12,681.30 1 0
github.com/cdalar/onctl/internal/provideraws/common.go:683.9,687.4 1 0
github.com/cdalar/onctl/internal/provideraws/common.go:689.2,689.27 1 0
github.com/cdalar/onctl/internal/providerhtz/common.go:10.33,12.17 2 0
github.com/cdalar/onctl/internal/providerhtz/common.go:12.17,15.3 2 0
github.com/cdalar/onctl/internal/providerhtz/common.go:15.8,18.3 2 0
github.com/cdalar/onctl/internal/providerhtz/common.go:19.2,19.12 1 0
github.com/cdalar/onctl/internal/domain/cloudflare.go:16.48,18.20 2 0
github.com/cdalar/onctl/internal/domain/cloudflare.go:18.20,20.3 1 0
github.com/cdalar/onctl/internal/domain/cloudflare.go:22.2,24.3 1 0
github.com/cdalar/onctl/internal/domain/cloudflare.go:27.46,29.20 2 0
github.com/cdalar/onctl/internal/domain/cloudflare.go:29.20,32.3 1 0
github.com/cdalar/onctl/internal/domain/cloudflare.go:33.2,35.18 3 0
github.com/cdalar/onctl/internal/domain/cloudflare.go:35.18,38.3 1 0
github.com/cdalar/onctl/internal/domain/cloudflare.go:39.2,39.12 1 0
github.com/cdalar/onctl/internal/domain/cloudflare.go:42.97,49.16 3 0
github.com/cdalar/onctl/internal/domain/cloudflare.go:49.16,51.3 1 0
github.com/cdalar/onctl/internal/domain/cloudflare.go:54.2,58.18 4 0
github.com/cdalar/onctl/internal/domain/cloudflare.go:58.18,60.3 1 0
github.com/cdalar/onctl/internal/domain/cloudflare.go:61.2,62.16 2 0
github.com/cdalar/onctl/internal/domain/cloudflare.go:62.16,64.3 1 0
github.com/cdalar/onctl/internal/domain/cloudflare.go:65.2,67.36 2 0
github.com/cdalar/onctl/internal/domain/cloudflare.go:67.36,69.34 2 0
github.com/cdalar/onctl/internal/domain/cloudflare.go:69.34,72.18 3 0
github.com/cdalar/onctl/internal/domain/cloudflare.go:72.18,74.5 1 0
github.com/cdalar/onctl/internal/domain/cloudflare.go:75.4,75.55 1 0
github.com/cdalar/onctl/internal/domain/cloudflare.go:79.2,86.16 2 0
github.com/cdalar/onctl/internal/domain/cloudflare.go:86.16,88.3 1 0
github.com/cdalar/onctl/internal/domain/cloudflare.go:89.2,96.34 2 0
github.com/cdalar/onctl/internal/domain/domain.go:15.37,16.16 1 0
github.com/cdalar/onctl/internal/domain/domain.go:17.20,18.32 1 0
github.com/cdalar/onctl/internal/domain/domain.go:19.10,20.13 1 0
github.com/cdalar/onctl/internal/providergcp/common.go:10.43,13.16 3 0
github.com/cdalar/onctl/internal/providergcp/common.go:13.16,15.3 1 0
github.com/cdalar/onctl/internal/providergcp/common.go:16.2,16.15 1 0
github.com/cdalar/onctl/internal/providergcp/common.go:19.53,22.16 3 0
github.com/cdalar/onctl/internal/providergcp/common.go:22.16,24.3 1 0
github.com/cdalar/onctl/internal/providergcp/common.go:25.2,25.15 1 0
github.com/cdalar/onctl/internal/rand/rand.go:17.59,20.30 3 1
github.com/cdalar/onctl/internal/rand/rand.go:20.30,22.3 1 1
github.com/cdalar/onctl/internal/rand/rand.go:23.2,23.18 1 1
github.com/cdalar/onctl/internal/rand/rand.go:27.32,29.2 1 1
github.com/cdalar/onctl/internal/rand/rand.go:31.34,33.2 1 0
github.com/cdalar/onctl/internal/cloud/aws.go:29.67,33.16 4 0
github.com/cdalar/onctl/internal/cloud/aws.go:33.16,35.3 1 0
github.com/cdalar/onctl/internal/cloud/aws.go:37.2,40.16 2 0
github.com/cdalar/onctl/internal/cloud/aws.go:40.16,42.3 1 0
github.com/cdalar/onctl/internal/cloud/aws.go:43.2,52.16 2 0
github.com/cdalar/onctl/internal/cloud/aws.go:52.16,54.3 1 0
github.com/cdalar/onctl/internal/cloud/aws.go:55.2,59.16 2 0
github.com/cdalar/onctl/internal/cloud/aws.go:59.16,61.3 1 0
github.com/cdalar/onctl/internal/cloud/aws.go:62.2,63.40 2 0
github.com/cdalar/onctl/internal/cloud/aws.go:66.55,76.16 3 0
github.com/cdalar/onctl/internal/cloud/aws.go:76.16,78.3 1 0
github.com/cdalar/onctl/internal/cloud/aws.go:80.2,80.40 1 0
github.com/cdalar/onctl/internal/cloud/aws.go:80.40,84.17 2 0
github.com/cdalar/onctl/internal/cloud/aws.go:84.17,86.4 1 0
github.com/cdalar/onctl/internal/cloud/aws.go:89.2,93.16 2 0
github.com/cdalar/onctl/internal/cloud/aws.go:93.16,95.3 1 0
github.com/cdalar/onctl/internal/cloud/aws.go:96.2,97.12 2 0
github.com/cdalar/onctl/internal/cloud/aws.go:100.76,109.16 2 0
github.com/cdalar/onctl/internal/cloud/aws.go:109.16,111.3 1 0
github.com/cdalar/onctl/internal/cloud/aws.go:112.2,112.32 1 0
github.com/cdalar/onctl/internal/cloud/aws.go:112.32,114.3 1 0
github.com/cdalar/onctl/internal/cloud/aws.go:114.8,114.38 1 0
github.com/cdalar/onctl/internal/cloud/aws.go:114.38,116.3 1 0
github.com/cdalar/onctl/internal/cloud/aws.go:117.2,117.48 1 0
github.com/cdalar/onctl/internal/cloud/aws.go:120.55,122.16 2 0
github.com/cdalar/onctl/internal/cloud/aws.go:122.16,124.3 1 0
github.com/cdalar/onctl/internal/cloud/aws.go:125.2,125.32 1 0
github.com/cdalar/onctl/internal/cloud/aws.go:125.32,127.3 1 0
github.com/cdalar/onctl/internal/cloud/aws.go:128.2,129.43 2 0
github.com/cdalar/onctl/internal/cloud/aws.go:129.43,132.3 2 0
github.com/cdalar/onctl/internal/cloud/aws.go:133.2,133.23 1 0
github.com/cdalar/onctl/internal/cloud/aws.go:136.46,139.35 2 0
github.com/cdalar/onctl/internal/cloud/aws.go:139.35,140.25 1 0
github.com/cdalar/onctl/internal/cloud/aws.go:140.25,142.4 1 0
github.com/cdalar/onctl/internal/cloud/aws.go:144.2,149.3 1 0
github.com/cdalar/onctl/internal/cloud/aws.go:152.66,155.2 2 0
github.com/cdalar/onctl/internal/cloud/aws.go:157.66,160.2 2 0
github.com/cdalar/onctl/internal/cloud/aws.go:162.52,163.23 1 0
github.com/cdalar/onctl/internal/cloud/aws.go:163.23,165.3 1 0
github.com/cdalar/onctl/internal/cloud/aws.go:167.2,168.16 2 0
github.com/cdalar/onctl/internal/cloud/aws.go:168.16,170.3 1 0
github.com/cdalar/onctl/internal/cloud/aws.go:172.2,175.16 2 0
github.com/cdalar/onctl/internal/cloud/aws.go:175.16,177.3 1 0
github.com/cdalar/onctl/internal/cloud/aws.go:179.2,245.16 5 0
github.com/cdalar/onctl/internal/cloud/aws.go:245.16,247.3 1 0
github.com/cdalar/onctl/internal/cloud/aws.go:248.2,248.35 1 0
github.com/cdalar/onctl/internal/cloud/aws.go:248.35,251.3 2 0
github.com/cdalar/onctl/internal/cloud/aws.go:253.2,254.16 2 0
github.com/cdalar/onctl/internal/cloud/aws.go:254.16,255.41 1 0
github.com/cdalar/onctl/internal/cloud/aws.go:255.41,256.23 1 0
github.com/cdalar/onctl/internal/cloud/aws.go:257.12,258.30 1 0
github.com/cdalar/onctl/internal/cloud/aws.go:260.9,262.4 1 0
github.com/cdalar/onctl/internal/cloud/aws.go:263.3,263.19 1 0
github.com/cdalar/onctl/internal/cloud/aws.go:265.2,269.16 3 0
github.com/cdalar/onctl/internal/cloud/aws.go:269.16,271.3 1 0
github.com/cdalar/onctl/internal/cloud/aws.go:272.2,274.36 2 0
github.com/cdalar/onctl/internal/cloud/aws.go:277.47,278.21 1 0
github.com/cdalar/onctl/internal/cloud/aws.go:278.21,281.31 3 0
github.com/cdalar/onctl/internal/cloud/aws.go:281.31,283.4 1 0
github.com/cdalar/onctl/internal/cloud/aws.go:284.3,284.19 1 0
github.com/cdalar/onctl/internal/cloud/aws.go:286.2,293.16 4 0
github.com/cdalar/onctl/internal/cloud/aws.go:293.16,294.41 1 0
github.com/cdalar/onctl/internal/cloud/aws.go:294.41,295.23 1 0
github.com/cdalar/onctl/internal/cloud/aws.go:296.12,297.30 1 0
github.com/cdalar/onctl/internal/cloud/aws.go:299.9,303.4 1 0
github.com/cdalar/onctl/internal/cloud/aws.go:304.3,304.13 1 0
github.com/cdalar/onctl/internal/cloud/aws.go:306.2,307.12 2 0
github.com/cdalar/onctl/internal/cloud/aws.go:310.45,325.16 3 0
github.com/cdalar/onctl/internal/cloud/aws.go:325.16,326.41 1 0
github.com/cdalar/onctl/internal/cloud/aws.go:326.41,327.23 1 0
github.com/cdalar/onctl/internal/cloud/aws.go:328.12,329.30 1 0
github.com/cdalar/onctl/internal/cloud/aws.go:331.9,335.4 1 0
github.com/cdalar/onctl/internal/cloud/aws.go:336.3,336.23 1 0
github.com/cdalar/onctl/internal/cloud/aws.go:338.2,340.37 2 0
github.com/cdalar/onctl/internal/cloud/aws.go:340.37,344.49 4 0
github.com/cdalar/onctl/internal/cloud/aws.go:344.49,346.4 1 0
github.com/cdalar/onctl/internal/cloud/aws.go:347.3,350.21 2 0
github.com/cdalar/onctl/internal/cloud/aws.go:352.2,352.22 1 0
github.com/cdalar/onctl/internal/cloud/aws.go:355.83,357.16 2 0
github.com/cdalar/onctl/internal/cloud/aws.go:357.16,359.3 1 0
github.com/cdalar/onctl/internal/cloud/aws.go:361.2,363.16 3 0
github.com/cdalar/onctl/internal/cloud/aws.go:363.16,364.13 1 0
github.com/cdalar/onctl/internal/cloud/aws.go:368.2,378.16 6 0
github.com/cdalar/onctl/internal/cloud/aws.go:378.16,379.41 1 0
github.com/cdalar/onctl/internal/cloud/aws.go:379.41,381.23 2 0
github.com/cdalar/onctl/internal/cloud/aws.go:382.36,387.19 3 0
github.com/cdalar/onctl/internal/cloud/aws.go:387.19,389.6 1 0
github.com/cdalar/onctl/internal/cloud/aws.go:390.5,391.47 2 0
github.com/cdalar/onctl/internal/cloud/aws.go:392.12,393.30 1 0
github.com/cdalar/onctl/internal/cloud/aws.go:395.9,397.4 1 0
github.com/cdalar/onctl/internal/cloud/aws.go:398.3,398.19 1 0
github.com/cdalar/onctl/internal/cloud/aws.go:400.2,400.44 1 0
github.com/cdalar/onctl/internal/cloud/aws.go:403.44,406.34 2 0
github.com/cdalar/onctl/internal/cloud/aws.go:406.34,407.25 1 0
github.com/cdalar/onctl/internal/cloud/aws.go:407.25,409.4 1 0
github.com/cdalar/onctl/internal/cloud/aws.go:412.2,412.35 1 0
github.com/cdalar/onctl/internal/cloud/aws.go:412.35,414.3 1 0
github.com/cdalar/onctl/internal/cloud/aws.go:415.2,415.36 1 0
github.com/cdalar/onctl/internal/cloud/aws.go:415.36,417.3 1 0
github.com/cdalar/onctl/internal/cloud/aws.go:418.2,434.3 1 0
github.com/cdalar/onctl/internal/cloud/aws.go:437.63,454.16 2 0
github.com/cdalar/onctl/internal/cloud/aws.go:454.16,456.3 1 0
github.com/cdalar/onctl/internal/cloud/aws.go:457.2,457.30 1 0
github.com/cdalar/onctl/internal/cloud/aws.go:457.30,461.3 1 0
github.com/cdalar/onctl/internal/cloud/aws.go:462.2,462.58 1 0
github.com/cdalar/onctl/internal/cloud/aws.go:465.95,469.2 1 0
github.com/cdalar/onctl/internal/cloud/azure.go:37.68,40.2 2 0
github.com/cdalar/onctl/internal/cloud/azure.go:42.68,45.2 2 0
github.com/cdalar/onctl/internal/cloud/azure.go:47.47,85.16 4 0
github.com/cdalar/onctl/internal/cloud/azure.go:85.16,87.3 1 0
github.com/cdalar/onctl/internal/cloud/azure.go:87.8,91.3 2 0
github.com/cdalar/onctl/internal/cloud/azure.go:92.2,92.57 1 0
github.com/cdalar/onctl/internal/cloud/azure.go:92.57,94.3 1 0
github.com/cdalar/onctl/internal/cloud/azure.go:95.2,97.44 3 0
github.com/cdalar/onctl/internal/cloud/azure.go:97.44,98.23 1 0
github.com/cdalar/onctl/internal/cloud/azure.go:98.23,101.18 3 0
github.com/cdalar/onctl/internal/cloud/azure.go:101.18,103.5 1 0
github.com/cdalar/onctl/internal/cloud/azure.go:104.4,104.39 1 0
github.com/cdalar/onctl/internal/cloud/azure.go:104.39,106.5 1 0
github.com/cdalar/onctl/internal/cloud/azure.go:109.4,109.39 1 0
github.com/cdalar/onctl/internal/cloud/azure.go:109.39,127.5 1 0
github.com/cdalar/onctl/internal/cloud/azure.go:131.2,134.20 2 0
github.com/cdalar/onctl/internal/cloud/azure.go:137.79,142.16 4 0
github.com/cdalar/onctl/internal/cloud/azure.go:142.16,144.3 1 0
github.com/cdalar/onctl/internal/cloud/azure.go:146.2,152.16 2 0
github.com/cdalar/onctl/internal/cloud/azure.go:152.16,154.3 1 0
github.com/cdalar/onctl/internal/cloud/azure.go:155.2,155.24 1 0
github.com/cdalar/onctl/internal/cloud/azure.go:158.53,161.16 3 0
github.com/cdalar/onctl/internal/cloud/azure.go:161.16,163.3 1 0
github.com/cdalar/onctl/internal/cloud/azure.go:164.2,165.37 2 0
github.com/cdalar/onctl/internal/cloud/azure.go:168.54,174.55 4 0
github.com/cdalar/onctl/internal/cloud/azure.go:174.55,176.17 2 0
github.com/cdalar/onctl/internal/cloud/azure.go:176.17,178.4 1 0
github.com/cdalar/onctl/internal/cloud/azure.go:179.3,179.32 1 0
github.com/cdalar/onctl/internal/cloud/azure.go:180.8,182.17 2 0
github.com/cdalar/onctl/internal/cloud/azure.go:182.17,184.4 1 0
github.com/cdalar/onctl/internal/cloud/azure.go:185.3,186.34 2 0
github.com/cdalar/onctl/internal/cloud/azure.go:188.2,189.16 2 0
github.com/cdalar/onctl/internal/cloud/azure.go:189.16,191.3 1 0
github.com/cdalar/onctl/internal/cloud/azure.go:192.2,194.16 3 0
github.com/cdalar/onctl/internal/cloud/azure.go:194.16,196.3 1 0
github.com/cdalar/onctl/internal/cloud/azure.go:197.2,251.52 3 0
github.com/cdalar/onctl/internal/cloud/azure.go:251.52,255.3 3 0
github.com/cdalar/onctl/internal/cloud/azure.go:257.2,258.16 2 0
github.com/cdalar/onctl/internal/cloud/azure.go:258.16,260.3 1 0
github.com/cdalar/onctl/internal/cloud/azure.go:261.2,271.8 2 0
github.com/cdalar/onctl/internal/cloud/azure.go:274.49,277.16 3 0
github.com/cdalar/onctl/internal/cloud/azure.go:277.16,279.3 1 0
github.com/cdalar/onctl/internal/cloud/azure.go:280.2,285.16 3 0
github.com/cdalar/onctl/internal/cloud/azure.go:285.16,287.3 1 0
github.com/cdalar/onctl/internal/cloud/azure.go:288.2,289.17 2 0
github.com/cdalar/onctl/internal/cloud/azure.go:289.17,291.3 1 0
github.com/cdalar/onctl/internal/cloud/azure.go:293.2,294.16 2 0
github.com/cdalar/onctl/internal/cloud/azure.go:294.16,296.3 1 0
github.com/cdalar/onctl/internal/cloud/azure.go:297.2,300.16 2 0
github.com/cdalar/onctl/internal/cloud/azure.go:300.16,302.3 1 0
github.com/cdalar/onctl/internal/cloud/azure.go:303.2,304.16 2 0
github.com/cdalar/onctl/internal/cloud/azure.go:304.16,306.3 1 0
github.com/cdalar/onctl/internal/cloud/azure.go:307.2,308.16 2 0
github.com/cdalar/onctl/internal/cloud/azure.go:308.16,310.3 1 0
github.com/cdalar/onctl/internal/cloud/azure.go:311.2,311.16 1 0
github.com/cdalar/onctl/internal/cloud/azure.go:311.16,313.3 1 0
github.com/cdalar/onctl/internal/cloud/azure.go:314.2,316.12 2 0
github.com/cdalar/onctl/internal/cloud/azure.go:320.97,324.2 1 0
github.com/cdalar/onctl/internal/cloud/azure.go:326.65,328.16 2 0
github.com/cdalar/onctl/internal/cloud/azure.go:328.16,330.3 1 0
github.com/cdalar/onctl/internal/cloud/azure.go:331.2,331.33 1 0
github.com/cdalar/onctl/internal/cloud/azure.go:331.33,332.28 1 0
github.com/cdalar/onctl/internal/cloud/azure.go:332.28,334.4 1 0
github.com/cdalar/onctl/internal/cloud/azure.go:336.2,336.18 1 0
github.com/cdalar/onctl/internal/cloud/azure.go:339.102,360.16 4 0
github.com/cdalar/onctl/internal/cloud/azure.go:360.16,362.3 1 0
github.com/cdalar/onctl/internal/cloud/azure.go:364.2,367.16 2 0
github.com/cdalar/onctl/internal/cloud/azure.go:367.16,369.3 1 0
github.com/cdalar/onctl/internal/cloud/azure.go:371.2,371.27 1 0
github.com/cdalar/onctl/internal/cloud/azure.go:371.27,373.3 1 0
github.com/cdalar/onctl/internal/cloud/azure.go:375.2,375.34 1 0
github.com/cdalar/onctl/internal/cloud/azure.go:378.108,388.16 4 0
github.com/cdalar/onctl/internal/cloud/azure.go:388.16,390.3 1 0
github.com/cdalar/onctl/internal/cloud/azure.go:392.2,395.16 2 0
github.com/cdalar/onctl/internal/cloud/azure.go:395.16,397.3 1 0
github.com/cdalar/onctl/internal/cloud/azure.go:398.2,398.27 1 0
github.com/cdalar/onctl/internal/cloud/azure.go:398.27,400.3 1 0
github.com/cdalar/onctl/internal/cloud/azure.go:402.2,402.35 1 0
github.com/cdalar/onctl/internal/cloud/azure.go:405.163,426.16 3 0
github.com/cdalar/onctl/internal/cloud/azure.go:426.16,428.3 1 0
github.com/cdalar/onctl/internal/cloud/azure.go:429.2,432.16 2 0
github.com/cdalar/onctl/internal/cloud/azure.go:432.16,434.3 1 0
github.com/cdalar/onctl/internal/cloud/azure.go:435.2,435.20 1 0
github.com/cdalar/onctl/internal/cloud/azure.go:435.20,437.3 1 0
github.com/cdalar/onctl/internal/cloud/azure.go:439.2,440.36 2 0
github.com/cdalar/onctl/internal/cloud/cloud.go:60.29,64.40 4 0
github.com/cdalar/onctl/internal/cloud/cloud.go:64.40,66.3 1 0
github.com/cdalar/onctl/internal/cloud/cloud.go:67.2,67.12 1 0
github.com/cdalar/onctl/internal/cloud/gcp.go:29.66,32.2 2 0
github.com/cdalar/onctl/internal/cloud/gcp.go:34.66,37.2 2 0
github.com/cdalar/onctl/internal/cloud/gcp.go:39.45,45.6 4 0
github.com/cdalar/onctl/internal/cloud/gcp.go:45.6,47.27 2 0
github.com/cdalar/onctl/internal/cloud/gcp.go:47.27,48.9 1 0
github.com/cdalar/onctl/internal/cloud/gcp.go:50.3,50.17 1 0
github.com/cdalar/onctl/internal/cloud/gcp.go:50.17,52.4 1 0
github.com/cdalar/onctl/internal/cloud/gcp.go:53.3,53.49 1 0
github.com/cdalar/onctl/internal/cloud/gcp.go:53.49,55.41 1 0
github.com/cdalar/onctl/internal/cloud/gcp.go:55.41,58.5 2 0
github.com/cdalar/onctl/internal/cloud/gcp.go:60.3,60.11 1 0
github.com/cdalar/onctl/internal/cloud/gcp.go:62.2,65.20 2 0
github.com/cdalar/onctl/internal/cloud/gcp.go:68.83,70.16 2 0
github.com/cdalar/onctl/internal/cloud/gcp.go:70.16,72.3 1 0
github.com/cdalar/onctl/internal/cloud/gcp.go:73.2,73.8 1 0
github.com/cdalar/onctl/internal/cloud/gcp.go:76.47,78.42 2 0
github.com/cdalar/onctl/internal/cloud/gcp.go:78.42,82.31 4 0
github.com/cdalar/onctl/internal/cloud/gcp.go:82.31,85.4 2 0
github.com/cdalar/onctl/internal/cloud/gcp.go:86.3,87.19 2 0
github.com/cdalar/onctl/internal/cloud/gcp.go:89.2,94.16 2 0
github.com/cdalar/onctl/internal/cloud/gcp.go:94.16,96.3 1 0
github.com/cdalar/onctl/internal/cloud/gcp.go:97.2,98.12 2 0
github.com/cdalar/onctl/internal/cloud/gcp.go:101.63,108.16 3 0
github.com/cdalar/onctl/internal/cloud/gcp.go:108.16,110.3 1 0
github.com/cdalar/onctl/internal/cloud/gcp.go:111.2,111.34 1 0
github.com/cdalar/onctl/internal/cloud/gcp.go:115.52,157.16 3 0
github.com/cdalar/onctl/internal/cloud/gcp.go:157.16,159.3 1 0
github.com/cdalar/onctl/internal/cloud/gcp.go:160.2,161.16 2 0
github.com/cdalar/onctl/internal/cloud/gcp.go:161.16,163.3 1 0
github.com/cdalar/onctl/internal/cloud/gcp.go:164.2,164.33 1 0
github.com/cdalar/onctl/internal/cloud/gcp.go:167.95,171.2 1 0
github.com/cdalar/onctl/internal/cloud/gcp.go:174.50,176.16 2 0
github.com/cdalar/onctl/internal/cloud/gcp.go:176.16,178.3 1 0
github.com/cdalar/onctl/internal/cloud/gcp.go:180.2,190.3 1 0
github.com/cdalar/onctl/internal/cloud/hetzner.go:30.80,32.16 2 0
github.com/cdalar/onctl/internal/cloud/hetzner.go:32.16,34.3 1 0
github.com/cdalar/onctl/internal/cloud/hetzner.go:35.2,35.14 1 0
github.com/cdalar/onctl/internal/cloud/hetzner.go:35.14,37.3 1 0
github.com/cdalar/onctl/internal/cloud/hetzner.go:38.2,38.35 1 0
github.com/cdalar/onctl/internal/cloud/hetzner.go:41.59,47.16 2 0
github.com/cdalar/onctl/internal/cloud/hetzner.go:47.16,49.3 1 0
github.com/cdalar/onctl/internal/cloud/hetzner.go:50.2,50.27 1 0
github.com/cdalar/onctl/internal/cloud/hetzner.go:50.27,52.3 1 0
github.com/cdalar/onctl/internal/cloud/hetzner.go:53.2,54.38 2 0
github.com/cdalar/onctl/internal/cloud/hetzner.go:54.38,57.3 2 0
github.com/cdalar/onctl/internal/cloud/hetzner.go:58.2,58.23 1 0
github.com/cdalar/onctl/internal/cloud/hetzner.go:61.63,65.16 3 0
github.com/cdalar/onctl/internal/cloud/hetzner.go:65.16,67.3 1 0
github.com/cdalar/onctl/internal/cloud/hetzner.go:68.2,71.16 2 0
github.com/cdalar/onctl/internal/cloud/hetzner.go:71.16,74.3 2 0
github.com/cdalar/onctl/internal/cloud/hetzner.go:75.2,76.12 2 0
github.com/cdalar/onctl/internal/cloud/hetzner.go:79.74,83.16 4 0
github.com/cdalar/onctl/internal/cloud/hetzner.go:83.16,85.3 1 0
github.com/cdalar/onctl/internal/cloud/hetzner.go:86.2,94.16 3 0
github.com/cdalar/onctl/internal/cloud/hetzner.go:94.16,97.3 2 0
github.com/cdalar/onctl/internal/cloud/hetzner.go:98.2,108.16 4 0
github.com/cdalar/onctl/internal/cloud/hetzner.go:108.16,111.3 2 0
github.com/cdalar/onctl/internal/cloud/hetzner.go:112.2,115.37 3 0
github.com/cdalar/onctl/internal/cloud/hetzner.go:118.70,121.16 3 0
github.com/cdalar/onctl/internal/cloud/hetzner.go:121.16,124.3 2 0
github.com/cdalar/onctl/internal/cloud/hetzner.go:126.2,127.16 2 0
github.com/cdalar/onctl/internal/cloud/hetzner.go:127.16,129.3 1 0
github.com/cdalar/onctl/internal/cloud/hetzner.go:130.2,131.16 2 0
github.com/cdalar/onctl/internal/cloud/hetzner.go:131.16,133.3 1 0
github.com/cdalar/onctl/internal/cloud/hetzner.go:135.2,142.16 2 0
github.com/cdalar/onctl/internal/cloud/hetzner.go:142.16,145.3 2 0
github.com/cdalar/onctl/internal/cloud/hetzner.go:146.2,147.12 2 0
github.com/cdalar/onctl/internal/cloud/hetzner.go:150.70,153.16 3 0
github.com/cdalar/onctl/internal/cloud/hetzner.go:153.16,156.3 2 0
github.com/cdalar/onctl/internal/cloud/hetzner.go:158.2,159.16 2 0
github.com/cdalar/onctl/internal/cloud/hetzner.go:159.16,161.3 1 0
github.com/cdalar/onctl/internal/cloud/hetzner.go:162.2,163.16 2 0
github.com/cdalar/onctl/internal/cloud/hetzner.go:163.16,165.3 1 0
github.com/cdalar/onctl/internal/cloud/hetzner.go:167.2,174.16 2 0
github.com/cdalar/onctl/internal/cloud/hetzner.go:174.16,177.3 2 0
github.com/cdalar/onctl/internal/cloud/hetzner.go:178.2,179.12 2 0
github.com/cdalar/onctl/internal/cloud/hetzner.go:182.56,186.16 3 0
github.com/cdalar/onctl/internal/cloud/hetzner.go:186.16,188.3 1 0
github.com/cdalar/onctl/internal/cloud/hetzner.go:189.2,210.16 2 0
github.com/cdalar/onctl/internal/cloud/hetzner.go:210.16,211.41 1 0
github.com/cdalar/onctl/internal/cloud/hetzner.go:211.41,212.21 1 0
github.com/cdalar/onctl/internal/cloud/hetzner.go:213.41,216.19 3 0
github.com/cdalar/onctl/internal/cloud/hetzner.go:216.19,218.6 1 0
github.com/cdalar/onctl/internal/cloud/hetzner.go:219.5,219.37 1 0
github.com/cdalar/onctl/internal/cloud/hetzner.go:220.12,221.30 1 0
github.com/cdalar/onctl/internal/cloud/hetzner.go:223.9,225.4 1 0
github.com/cdalar/onctl/internal/cloud/hetzner.go:226.3,226.19 1 0
github.com/cdalar/onctl/internal/cloud/hetzner.go:228.2,228.46 1 0
github.com/cdalar/onctl/internal/cloud/hetzner.go:231.51,233.42 2 0
github.com/cdalar/onctl/internal/cloud/hetzner.go:233.42,237.31 4 0
github.com/cdalar/onctl/internal/cloud/hetzner.go:237.31,240.4 2 0
github.com/cdalar/onctl/internal/cloud/hetzner.go:241.3,242.19 2 0
github.com/cdalar/onctl/internal/cloud/hetzner.go:244.2,245.16 2 0
github.com/cdalar/onctl/internal/cloud/hetzner.go:245.16,247.3 1 0
github.com/cdalar/onctl/internal/cloud/hetzner.go:248.2,251.16 2 0
github.com/cdalar/onctl/internal/cloud/hetzner.go:251.16,253.3 1 0
github.com/cdalar/onctl/internal/cloud/hetzner.go:254.2,254.12 1 0
github.com/cdalar/onctl/internal/cloud/hetzner.go:257.49,264.16 3 0
github.com/cdalar/onctl/internal/cloud/hetzner.go:264.16,266.3 1 0
github.com/cdalar/onctl/internal/cloud/hetzner.go:267.2,267.20 1 0
github.com/cdalar/onctl/internal/cloud/hetzner.go:267.20,269.3 1 0
github.com/cdalar/onctl/internal/cloud/hetzner.go:270.2,271.30 2 0
github.com/cdalar/onctl/internal/cloud/hetzner.go:271.30,273.50 1 0
github.com/cdalar/onctl/internal/cloud/hetzner.go:273.50,276.4 2 0
github.com/cdalar/onctl/internal/cloud/hetzner.go:278.2,281.20 2 0
github.com/cdalar/onctl/internal/cloud/hetzner.go:284.87,286.16 2 0
github.com/cdalar/onctl/internal/cloud/hetzner.go:286.16,288.3 1 0
github.com/cdalar/onctl/internal/cloud/hetzner.go:290.2,292.16 3 0
github.com/cdalar/onctl/internal/cloud/hetzner.go:292.16,293.13 1 0
github.com/cdalar/onctl/internal/cloud/hetzner.go:297.2,307.16 5 0
github.com/cdalar/onctl/internal/cloud/hetzner.go:307.16,308.41 1 0
github.com/cdalar/onctl/internal/cloud/hetzner.go:308.41,309.21 1 0
github.com/cdalar/onctl/internal/cloud/hetzner.go:310.41,313.19 3 0
github.com/cdalar/onctl/internal/cloud/hetzner.go:313.19,315.6 1 0
github.com/cdalar/onctl/internal/cloud/hetzner.go:316.5,317.35 2 0
github.com/cdalar/onctl/internal/cloud/hetzner.go:318.12,319.30 1 0
github.com/cdalar/onctl/internal/cloud/hetzner.go:321.9,323.4 1 0
github.com/cdalar/onctl/internal/cloud/hetzner.go:324.3,324.19 1 0
github.com/cdalar/onctl/internal/cloud/hetzner.go:327.2,327.33 1 0
github.com/cdalar/onctl/internal/cloud/hetzner.go:330.56,339.2 1 1
github.com/cdalar/onctl/internal/cloud/hetzner.go:342.48,347.47 5 1
github.com/cdalar/onctl/internal/cloud/hetzner.go:347.47,348.57 1 1
github.com/cdalar/onctl/internal/cloud/hetzner.go:348.57,354.4 5 1
github.com/cdalar/onctl/internal/cloud/hetzner.go:356.2,357.33 2 1
github.com/cdalar/onctl/internal/cloud/hetzner.go:357.33,359.3 1 1
github.com/cdalar/onctl/internal/cloud/hetzner.go:359.8,361.3 1 1
github.com/cdalar/onctl/internal/cloud/hetzner.go:363.2,379.3 1 1
github.com/cdalar/onctl/internal/cloud/hetzner.go:382.67,384.16 2 0
github.com/cdalar/onctl/internal/cloud/hetzner.go:384.16,386.3 1 0
github.com/cdalar/onctl/internal/cloud/hetzner.go:387.2,387.14 1 0
github.com/cdalar/onctl/internal/cloud/hetzner.go:387.14,389.3 1 0
github.com/cdalar/onctl/internal/cloud/hetzner.go:390.2,390.34 1 0
github.com/cdalar/onctl/internal/cloud/hetzner.go:393.99,397.2 1 1
github.com/cdalar/onctl/internal/tools/cicd.go:11.41,13.2 1 0
github.com/cdalar/onctl/internal/tools/cicd.go:15.32,17.16 2 0
github.com/cdalar/onctl/internal/tools/cicd.go:17.16,19.3 1 0
github.com/cdalar/onctl/internal/tools/cicd.go:20.2,25.17 5 0
github.com/cdalar/onctl/internal/tools/cloud-init.go:11.43,12.20 1 0
github.com/cdalar/onctl/internal/tools/cloud-init.go:12.20,14.3 1 0
github.com/cdalar/onctl/internal/tools/cloud-init.go:16.2,16.45 1 0
github.com/cdalar/onctl/internal/tools/cloud-init.go:16.45,20.3 3 0
github.com/cdalar/onctl/internal/tools/cloud-init.go:23.2,24.16 2 0
github.com/cdalar/onctl/internal/tools/cloud-init.go:24.16,26.3 1 0
github.com/cdalar/onctl/internal/tools/cloud-init.go:28.2,29.16 2 0
github.com/cdalar/onctl/internal/tools/cloud-init.go:33.51,39.16 4 0
github.com/cdalar/onctl/internal/tools/cloud-init.go:39.16,41.3 1 0
github.com/cdalar/onctl/internal/tools/cloud-init.go:43.2,45.6 2 0
github.com/cdalar/onctl/internal/tools/cloud-init.go:45.6,46.10 1 0
github.com/cdalar/onctl/internal/tools/cloud-init.go:47.16,49.10 2 0
github.com/cdalar/onctl/internal/tools/cloud-init.go:50.11,54.18 2 0
github.com/cdalar/onctl/internal/tools/cloud-init.go:54.18,56.5 1 0
github.com/cdalar/onctl/internal/tools/cloud-init.go:57.4,57.34 1 0
github.com/cdalar/onctl/internal/tools/cloud-init.go:57.34,59.5 1 0
github.com/cdalar/onctl/internal/tools/cloud-init.go:60.4,60.31 1 0
github.com/cdalar/onctl/internal/tools/common.go:7.56,8.30 1 0
github.com/cdalar/onctl/internal/tools/common.go:8.30,9.27 1 0
github.com/cdalar/onctl/internal/tools/common.go:9.27,11.4 1 0
github.com/cdalar/onctl/internal/tools/common.go:13.2,13.14 1 0
github.com/cdalar/onctl/internal/tools/common.go:16.34,17.76 1 0
github.com/cdalar/onctl/internal/tools/common.go:17.76,19.3 1 0
github.com/cdalar/onctl/internal/tools/common.go:20.2,20.40 1 0
github.com/cdalar/onctl/internal/tools/common.go:20.40,22.3 1 0
github.com/cdalar/onctl/internal/tools/common.go:23.2,23.43 1 0
github.com/cdalar/onctl/internal/tools/common.go:23.43,25.3 1 0
github.com/cdalar/onctl/internal/tools/common.go:26.2,26.37 1 0
github.com/cdalar/onctl/internal/tools/common.go:26.37,28.3 1 0
github.com/cdalar/onctl/internal/tools/common.go:29.2,29.15 1 0
github.com/cdalar/onctl/internal/tools/deploy.go:16.57,18.16 2 0
github.com/cdalar/onctl/internal/tools/deploy.go:18.16,20.3 1 0
github.com/cdalar/onctl/internal/tools/deploy.go:21.2,22.16 2 0
github.com/cdalar/onctl/internal/tools/deploy.go:22.16,24.3 1 0
github.com/cdalar/onctl/internal/tools/deploy.go:25.2,25.15 1 0
github.com/cdalar/onctl/internal/tools/deploy.go:25.15,26.38 1 0
github.com/cdalar/onctl/internal/tools/deploy.go:26.38,28.4 1 0
github.com/cdalar/onctl/internal/tools/deploy.go:31.2,32.16 2 0
github.com/cdalar/onctl/internal/tools/deploy.go:32.16,34.3 1 0
github.com/cdalar/onctl/internal/tools/deploy.go:36.2,37.16 2 0
github.com/cdalar/onctl/internal/tools/deploy.go:37.16,39.3 1 0
github.com/cdalar/onctl/internal/tools/deploy.go:42.61,44.31 2 0
github.com/cdalar/onctl/internal/tools/deploy.go:44.31,46.3 1 0
github.com/cdalar/onctl/internal/tools/deploy.go:47.2,47.17 1 0
github.com/cdalar/onctl/internal/tools/remote-run.go:46.51,52.16 3 0
github.com/cdalar/onctl/internal/tools/remote-run.go:52.16,54.3 1 0
github.com/cdalar/onctl/internal/tools/remote-run.go:55.2,57.36 3 0
github.com/cdalar/onctl/internal/tools/remote-run.go:60.43,61.21 1 0
github.com/cdalar/onctl/internal/tools/remote-run.go:61.21,63.3 1 0
github.com/cdalar/onctl/internal/tools/remote-run.go:65.2,69.24 2 0
github.com/cdalar/onctl/internal/tools/remote-run.go:69.24,71.3 1 0
github.com/cdalar/onctl/internal/tools/remote-run.go:71.8,73.3 1 0
github.com/cdalar/onctl/internal/tools/remote-run.go:74.2,74.16 1 0
github.com/cdalar/onctl/internal/tools/remote-run.go:74.16,75.53 1 0
github.com/cdalar/onctl/internal/tools/remote-run.go:75.53,77.24 1 0
github.com/cdalar/onctl/internal/tools/remote-run.go:77.24,79.5 1 0
github.com/cdalar/onctl/internal/tools/remote-run.go:80.4,81.24 2 0
github.com/cdalar/onctl/internal/tools/remote-run.go:81.24,83.5 1 0
github.com/cdalar/onctl/internal/tools/remote-run.go:84.4,84.18 1 0
github.com/cdalar/onctl/internal/tools/remote-run.go:84.18,86.5 1 0
github.com/cdalar/onctl/internal/tools/remote-run.go:87.4,88.18 2 0
github.com/cdalar/onctl/internal/tools/remote-run.go:88.18,90.5 1 0
github.com/cdalar/onctl/internal/tools/remote-run.go:91.9,94.4 2 0
github.com/cdalar/onctl/internal/tools/remote-run.go:98.2,108.22 2 0
github.com/cdalar/onctl/internal/tools/remote-run.go:108.22,112.17 3 0
github.com/cdalar/onctl/internal/tools/remote-run.go:112.17,114.4 1 0
github.com/cdalar/onctl/internal/tools/remote-run.go:117.3,118.17 2 0
github.com/cdalar/onctl/internal/tools/remote-run.go:118.17,119.59 1 0
github.com/cdalar/onctl/internal/tools/remote-run.go:119.59,121.5 1 0
github.com/cdalar/onctl/internal/tools/remote-run.go:122.4,122.91 1 0
github.com/cdalar/onctl/internal/tools/remote-run.go:126.3,127.17 2 0
github.com/cdalar/onctl/internal/tools/remote-run.go:127.17,128.49 1 0
github.com/cdalar/onctl/internal/tools/remote-run.go:128.49,130.5 1 0
github.com/cdalar/onctl/internal/tools/remote-run.go:131.4,131.59 1 0
github.com/cdalar/onctl/internal/tools/remote-run.go:131.59,133.5 1 0
github.com/cdalar/onctl/internal/tools/remote-run.go:134.4,134.77 1 0
github.com/cdalar/onctl/internal/tools/remote-run.go:137.3,137.45 1 0
github.com/cdalar/onctl/internal/tools/remote-run.go:138.8,141.17 2 0
github.com/cdalar/onctl/internal/tools/remote-run.go:141.17,143.4 1 0
github.com/cdalar/onctl/internal/tools/remote-run.go:146.2,146.12 1 0
github.com/cdalar/onctl/internal/tools/remote-run.go:150.40,153.16 3 1
github.com/cdalar/onctl/internal/tools/remote-run.go:153.16,155.3 1 1
github.com/cdalar/onctl/internal/tools/remote-run.go:156.2,156.24 1 1
github.com/cdalar/onctl/internal/tools/remote-run.go:156.24,158.3 1 1
github.com/cdalar/onctl/internal/tools/remote-run.go:159.2,159.19 1 0
github.com/cdalar/onctl/internal/tools/remote-run.go:162.59,165.16 3 1
github.com/cdalar/onctl/internal/tools/remote-run.go:165.16,167.3 1 1
github.com/cdalar/onctl/internal/tools/remote-run.go:168.2,168.15 1 1
github.com/cdalar/onctl/internal/tools/remote-run.go:168.15,169.38 1 1
github.com/cdalar/onctl/internal/tools/remote-run.go:169.38,171.4 1 0
github.com/cdalar/onctl/internal/tools/remote-run.go:173.2,174.21 2 1
github.com/cdalar/onctl/internal/tools/remote-run.go:174.21,177.49 3 1
github.com/cdalar/onctl/internal/tools/remote-run.go:177.49,178.12 1 1
github.com/cdalar/onctl/internal/tools/remote-run.go:180.3,180.28 1 1
github.com/cdalar/onctl/internal/tools/remote-run.go:182.2,182.18 1 1
github.com/cdalar/onctl/internal/tools/remote-run.go:185.47,186.20 1 1
github.com/cdalar/onctl/internal/tools/remote-run.go:186.20,188.3 1 1
github.com/cdalar/onctl/internal/tools/remote-run.go:190.2,191.29 2 1
github.com/cdalar/onctl/internal/tools/remote-run.go:191.29,193.21 2 1
github.com/cdalar/onctl/internal/tools/remote-run.go:193.21,195.4 1 1
github.com/cdalar/onctl/internal/tools/remote-run.go:196.3,197.32 2 1
github.com/cdalar/onctl/internal/tools/remote-run.go:199.2,199.16 1 1
github.com/cdalar/onctl/internal/tools/remote-run.go:201.79,202.16 1 0
github.com/cdalar/onctl/internal/tools/remote-run.go:202.16,204.3 1 0
github.com/cdalar/onctl/internal/tools/remote-run.go:205.2,205.21 1 0
github.com/cdalar/onctl/internal/tools/remote-run.go:205.21,207.3 1 0
github.com/cdalar/onctl/internal/tools/remote-run.go:209.2,211.16 3 0
github.com/cdalar/onctl/internal/tools/remote-run.go:211.16,213.3 1 0
github.com/cdalar/onctl/internal/tools/remote-run.go:214.2,217.40 3 0
github.com/cdalar/onctl/internal/tools/remote-run.go:217.40,219.3 1 0
github.com/cdalar/onctl/internal/tools/remote-run.go:219.8,219.16 1 0
github.com/cdalar/onctl/internal/tools/remote-run.go:219.16,223.17 3 0
github.com/cdalar/onctl/internal/tools/remote-run.go:223.17,225.4 1 0
github.com/cdalar/onctl/internal/tools/remote-run.go:227.3,229.17 3 0
github.com/cdalar/onctl/internal/tools/remote-run.go:229.17,231.4 1 0
github.com/cdalar/onctl/internal/tools/remote-run.go:232.3,232.27 1 0
github.com/cdalar/onctl/internal/tools/remote-run.go:233.8,233.15 1 0
github.com/cdalar/onctl/internal/tools/remote-run.go:233.15,236.17 3 0
github.com/cdalar/onctl/internal/tools/remote-run.go:236.17,238.4 1 0
github.com/cdalar/onctl/internal/tools/remote-run.go:239.3,240.27 2 0
github.com/cdalar/onctl/internal/tools/remote-run.go:240.27,247.34 6 0
github.com/cdalar/onctl/internal/tools/remote-run.go:247.34,249.5 1 0
github.com/cdalar/onctl/internal/tools/remote-run.go:251.3,253.55 2 0
github.com/cdalar/onctl/internal/tools/remote-run.go:253.55,255.4 1 0
github.com/cdalar/onctl/internal/tools/remote-run.go:255.9,255.22 1 0
github.com/cdalar/onctl/internal/tools/remote-run.go:255.22,259.18 3 0
github.com/cdalar/onctl/internal/tools/remote-run.go:259.18,262.5 1 0
github.com/cdalar/onctl/internal/tools/remote-run.go:263.4,263.28 1 0
github.com/cdalar/onctl/internal/tools/remote-run.go:266.2,266.16 1 0
github.com/cdalar/onctl/internal/tools/remote-run.go:269.78,274.16 3 0
github.com/cdalar/onctl/internal/tools/remote-run.go:274.16,276.3 1 0
github.com/cdalar/onctl/internal/tools/remote-run.go:279.2,280.16 2 0
github.com/cdalar/onctl/internal/tools/remote-run.go:280.16,282.3 1 0
github.com/cdalar/onctl/internal/tools/remote-run.go:283.2,283.15 1 0
github.com/cdalar/onctl/internal/tools/remote-run.go:283.15,284.41 1 0
github.com/cdalar/onctl/internal/tools/remote-run.go:284.41,286.28 1 0
github.com/cdalar/onctl/internal/tools/remote-run.go:286.28,288.5 1 0
github.com/cdalar/onctl/internal/tools/remote-run.go:291.2,292.16 2 0
github.com/cdalar/onctl/internal/tools/remote-run.go:292.16,294.3 1 0
github.com/cdalar/onctl/internal/tools/remote-run.go:297.2,297.35 1 0
github.com/cdalar/onctl/internal/tools/remote-run.go:297.35,299.3 1 0
github.com/cdalar/onctl/internal/tools/remote-run.go:300.2,303.6 4 0
github.com/cdalar/onctl/internal/tools/remote-run.go:303.6,305.20 2 0
github.com/cdalar/onctl/internal/tools/remote-run.go:305.20,306.9 1 0
github.com/cdalar/onctl/internal/tools/remote-run.go:308.3,308.17 1 0
github.com/cdalar/onctl/internal/tools/remote-run.go:308.17,310.12 2 0
github.com/cdalar/onctl/internal/tools/remote-run.go:312.3,312.12 1 0
github.com/cdalar/onctl/internal/tools/remote-run.go:312.12,316.4 2 0
github.com/cdalar/onctl/internal/tools/remote-run.go:318.2,318.26 1 0
github.com/cdalar/onctl/internal/tools/remote-run.go:323.81,327.16 4 0
github.com/cdalar/onctl/internal/tools/remote-run.go:327.16,329.3 1 0
github.com/cdalar/onctl/internal/tools/remote-run.go:330.2,336.16 4 0
github.com/cdalar/onctl/internal/tools/remote-run.go:336.16,339.3 2 0
github.com/cdalar/onctl/internal/tools/remote-run.go:340.2,343.16 4 0
github.com/cdalar/onctl/internal/tools/remote-run.go:343.16,346.3 2 0
github.com/cdalar/onctl/internal/tools/remote-run.go:348.2,355.16 5 0
github.com/cdalar/onctl/internal/tools/remote-run.go:355.16,357.3 1 0
github.com/cdalar/onctl/internal/tools/remote-run.go:358.2,358.12 1 0
github.com/cdalar/onctl/internal/tools/scp.go:13.62,15.22 1 1
github.com/cdalar/onctl/internal/tools/scp.go:15.22,17.3 1 1
github.com/cdalar/onctl/internal/tools/scp.go:20.2,21.16 2 0
github.com/cdalar/onctl/internal/tools/scp.go:21.16,23.3 1 0
github.com/cdalar/onctl/internal/tools/scp.go:26.2,27.16 2 0
github.com/cdalar/onctl/internal/tools/scp.go:27.16,29.3 1 0
github.com/cdalar/onctl/internal/tools/scp.go:30.2,30.15 1 0
github.com/cdalar/onctl/internal/tools/scp.go:30.15,31.38 1 0
github.com/cdalar/onctl/internal/tools/scp.go:31.38,33.28 1 0
github.com/cdalar/onctl/internal/tools/scp.go:33.28,35.5 1 0
github.com/cdalar/onctl/internal/tools/scp.go:40.2,41.16 2 0
github.com/cdalar/onctl/internal/tools/scp.go:41.16,43.3 1 0
github.com/cdalar/onctl/internal/tools/scp.go:44.2,44.15 1 0
github.com/cdalar/onctl/internal/tools/scp.go:44.15,45.41 1 0
github.com/cdalar/onctl/internal/tools/scp.go:45.41,47.28 1 0
github.com/cdalar/onctl/internal/tools/scp.go:47.28,49.5 1 0
github.com/cdalar/onctl/internal/tools/scp.go:54.2,55.16 2 0
github.com/cdalar/onctl/internal/tools/scp.go:55.16,57.3 1 0
github.com/cdalar/onctl/internal/tools/scp.go:58.2,58.15 1 0
github.com/cdalar/onctl/internal/tools/scp.go:58.15,59.41 1 0
github.com/cdalar/onctl/internal/tools/scp.go:59.41,61.28 1 0
github.com/cdalar/onctl/internal/tools/scp.go:61.28,63.5 1 0
github.com/cdalar/onctl/internal/tools/scp.go:68.2,68.52 1 0
github.com/cdalar/onctl/internal/tools/scp.go:68.52,70.3 1 0
github.com/cdalar/onctl/internal/tools/scp.go:71.2,71.12 1 0
github.com/cdalar/onctl/internal/tools/scp.go:74.74,77.16 2 1
github.com/cdalar/onctl/internal/tools/scp.go:77.16,79.3 1 0
github.com/cdalar/onctl/internal/tools/scp.go:80.2,80.15 1 1
github.com/cdalar/onctl/internal/tools/scp.go:80.15,81.55 1 1
github.com/cdalar/onctl/internal/tools/scp.go:81.55,83.4 1 0
github.com/cdalar/onctl/internal/tools/scp.go:87.2,87.65 1 1
github.com/cdalar/onctl/internal/tools/scp.go:87.65,89.3 1 0
github.com/cdalar/onctl/internal/tools/scp.go:90.2,90.44 1 1
github.com/cdalar/onctl/internal/tools/scp.go:90.44,92.3 1 0
github.com/cdalar/onctl/internal/tools/scp.go:95.2,103.22 2 1
github.com/cdalar/onctl/internal/tools/scp.go:103.22,106.43 2 1
github.com/cdalar/onctl/internal/tools/scp.go:106.43,108.4 1 1
github.com/cdalar/onctl/internal/tools/scp.go:109.3,109.48 1 1
github.com/cdalar/onctl/internal/tools/scp.go:113.2,121.25 6 1
github.com/cdalar/onctl/internal/tools/scp.go:124.61,129.22 3 1
github.com/cdalar/onctl/internal/tools/scp.go:129.22,131.3 1 1
github.com/cdalar/onctl/internal/tools/scp.go:134.2,135.16 2 0
github.com/cdalar/onctl/internal/tools/scp.go:135.16,137.3 1 0
github.com/cdalar/onctl/internal/tools/scp.go:140.2,141.16 2 0
github.com/cdalar/onctl/internal/tools/scp.go:141.16,143.3 1 0
github.com/cdalar/onctl/internal/tools/scp.go:144.2,144.15 1 0
github.com/cdalar/onctl/internal/tools/scp.go:144.15,145.38 1 0
github.com/cdalar/onctl/internal/tools/scp.go:145.38,147.28 1 0
github.com/cdalar/onctl/internal/tools/scp.go:147.28,149.5 1 0
github.com/cdalar/onctl/internal/tools/scp.go:154.2,155.16 2 0
github.com/cdalar/onctl/internal/tools/scp.go:155.16,158.3 2 0
github.com/cdalar/onctl/internal/tools/scp.go:159.2,159.15 1 0
github.com/cdalar/onctl/internal/tools/scp.go:159.15,160.41 1 0
github.com/cdalar/onctl/internal/tools/scp.go:160.41,162.28 1 0
github.com/cdalar/onctl/internal/tools/scp.go:162.28,164.5 1 0
github.com/cdalar/onctl/internal/tools/scp.go:169.2,170.16 2 0
github.com/cdalar/onctl/internal/tools/scp.go:170.16,172.3 1 0
github.com/cdalar/onctl/internal/tools/scp.go:173.2,173.15 1 0
github.com/cdalar/onctl/internal/tools/scp.go:173.15,174.41 1 0
github.com/cdalar/onctl/internal/tools/scp.go:174.41,176.28 1 0
github.com/cdalar/onctl/internal/tools/scp.go:176.28,178.5 1 0
github.com/cdalar/onctl/internal/tools/scp.go:183.2,183.53 1 0
github.com/cdalar/onctl/internal/tools/scp.go:183.53,185.3 1 0
github.com/cdalar/onctl/internal/tools/scp.go:186.2,186.12 1 0
github.com/cdalar/onctl/internal/tools/scp.go:189.72,192.16 2 1
github.com/cdalar/onctl/internal/tools/scp.go:192.16,194.3 1 0
github.com/cdalar/onctl/internal/tools/scp.go:195.2,195.15 1 1
github.com/cdalar/onctl/internal/tools/scp.go:195.15,196.55 1 1
github.com/cdalar/onctl/internal/tools/scp.go:196.55,198.4 1 0
github.com/cdalar/onctl/internal/tools/scp.go:202.2,202.65 1 1
github.com/cdalar/onctl/internal/tools/scp.go:202.65,204.3 1 0
github.com/cdalar/onctl/internal/tools/scp.go:205.2,205.44 1 1
github.com/cdalar/onctl/internal/tools/scp.go:205.44,207.3 1 0
github.com/cdalar/onctl/internal/tools/scp.go:210.2,218.22 2 1
github.com/cdalar/onctl/internal/tools/scp.go:218.22,221.43 2 1
github.com/cdalar/onctl/internal/tools/scp.go:221.43,223.4 1 1
github.com/cdalar/onctl/internal/tools/scp.go:224.3,224.48 1 1
github.com/cdalar/onctl/internal/tools/scp.go:228.2,236.25 6 1
github.com/cdalar/onctl/internal/tools/ssh.go:20.42,30.28 2 0
github.com/cdalar/onctl/internal/tools/ssh.go:30.28,33.43 2 0
github.com/cdalar/onctl/internal/tools/ssh.go:33.43,35.4 1 0
github.com/cdalar/onctl/internal/tools/ssh.go:36.3,36.48 1 0
github.com/cdalar/onctl/internal/tools/ssh.go:40.2,49.41 7 0
github.com/cdalar/onctl/internal/tools/ssh.go:49.41,50.49 1 0
github.com/cdalar/onctl/internal/tools/ssh.go:50.49,53.4 2 0
github.com/cdalar/onctl/internal/tools/ssh.go:53.9,55.4 1 0
github.com/cdalar/onctl/internal/tools/subnets.go:11.60,19.16 2 0
github.com/cdalar/onctl/internal/tools/subnets.go:19.16,20.41 1 0
github.com/cdalar/onctl/internal/tools/subnets.go:20.41,21.23 1 0
github.com/cdalar/onctl/internal/tools/subnets.go:22.12,23.30 1 0
github.com/cdalar/onctl/internal/tools/subnets.go:25.9,29.4 1 0
github.com/cdalar/onctl/internal/tools/subnets.go:31.2,31.24 1 0
github.com/cdalar/onctl/internal/tools/vpcs.go:11.52,16.16 2 0
github.com/cdalar/onctl/internal/tools/vpcs.go:16.16,17.41 1 0
github.com/cdalar/onctl/internal/tools/vpcs.go:17.41,18.23 1 0
github.com/cdalar/onctl/internal/tools/vpcs.go:19.12,20.30 1 0
github.com/cdalar/onctl/internal/tools/vpcs.go:22.9,26.4 1 0
github.com/cdalar/onctl/internal/tools/vpcs.go:28.2,28.13 1 0
github.com/cdalar/onctl/cmd/common.go:31.34,33.16 2 1
github.com/cdalar/onctl/cmd/common.go:33.16,35.3 1 0
github.com/cdalar/onctl/cmd/common.go:36.2,37.11 2 1
github.com/cdalar/onctl/cmd/common.go:40.45,43.16 2 1
github.com/cdalar/onctl/cmd/common.go:43.16,45.3 1 0
github.com/cdalar/onctl/cmd/common.go:47.2,49.16 3 1
github.com/cdalar/onctl/cmd/common.go:49.16,51.3 1 0
github.com/cdalar/onctl/cmd/common.go:52.2,58.52 5 1
github.com/cdalar/onctl/cmd/common.go:58.52,61.3 2 1
github.com/cdalar/onctl/cmd/common.go:61.8,61.58 1 1
github.com/cdalar/onctl/cmd/common.go:61.58,64.3 2 1
github.com/cdalar/onctl/cmd/common.go:64.8,66.3 1 0
github.com/cdalar/onctl/cmd/common.go:69.2,72.55 3 1
github.com/cdalar/onctl/cmd/common.go:72.55,74.3 1 1
github.com/cdalar/onctl/cmd/common.go:76.2,79.45 3 1
github.com/cdalar/onctl/cmd/common.go:79.45,81.3 1 0
github.com/cdalar/onctl/cmd/common.go:83.2,84.46 2 1
github.com/cdalar/onctl/cmd/common.go:84.46,86.3 1 0
github.com/cdalar/onctl/cmd/common.go:88.2,89.12 2 1
github.com/cdalar/onctl/cmd/common.go:92.46,93.25 1 1
github.com/cdalar/onctl/cmd/common.go:93.25,94.23 1 1
github.com/cdalar/onctl/cmd/common.go:94.23,96.4 1 1
github.com/cdalar/onctl/cmd/common.go:98.2,98.11 1 1
github.com/cdalar/onctl/cmd/common.go:101.56,103.2 1 1
github.com/cdalar/onctl/cmd/common.go:105.46,110.16 5 1
github.com/cdalar/onctl/cmd/common.go:110.16,112.3 1 0
github.com/cdalar/onctl/cmd/common.go:113.2,114.16 2 1
github.com/cdalar/onctl/cmd/common.go:114.16,116.3 1 1
github.com/cdalar/onctl/cmd/common.go:117.2,117.34 1 1
github.com/cdalar/onctl/cmd/common.go:117.34,119.3 1 0
github.com/cdalar/onctl/cmd/common.go:121.45,123.16 2 1
github.com/cdalar/onctl/cmd/common.go:123.16,125.3 1 1
github.com/cdalar/onctl/cmd/common.go:126.2,126.8 1 1
github.com/cdalar/onctl/cmd/common.go:130.19,137.16 3 0
github.com/cdalar/onctl/cmd/common.go:137.16,139.3 1 0
github.com/cdalar/onctl/cmd/common.go:140.2,140.24 1 0
github.com/cdalar/onctl/cmd/common.go:144.30,147.22 2 0
github.com/cdalar/onctl/cmd/common.go:148.15,149.46 1 0
github.com/cdalar/onctl/cmd/common.go:150.17,151.77 1 0
github.com/cdalar/onctl/cmd/common.go:152.16,153.42 1 0
github.com/cdalar/onctl/cmd/common.go:154.10,155.43 1 0
github.com/cdalar/onctl/cmd/common.go:157.2,157.16 1 0
github.com/cdalar/onctl/cmd/common.go:157.16,159.3 1 0
github.com/cdalar/onctl/cmd/common.go:163.40,165.29 2 1
github.com/cdalar/onctl/cmd/common.go:165.29,168.3 2 1
github.com/cdalar/onctl/cmd/common.go:169.2,169.18 1 1
github.com/cdalar/onctl/cmd/common.go:172.56,173.20 1 1
github.com/cdalar/onctl/cmd/common.go:173.20,175.3 1 1
github.com/cdalar/onctl/cmd/common.go:178.2,179.16 2 1
github.com/cdalar/onctl/cmd/common.go:179.16,181.3 1 1
github.com/cdalar/onctl/cmd/common.go:181.8,183.3 1 0
github.com/cdalar/onctl/cmd/common.go:186.2,187.16 2 0
github.com/cdalar/onctl/cmd/common.go:187.16,191.17 3 0
github.com/cdalar/onctl/cmd/common.go:191.17,193.4 1 0
github.com/cdalar/onctl/cmd/common.go:195.3,196.63 2 0
github.com/cdalar/onctl/cmd/common.go:196.63,198.4 1 0
github.com/cdalar/onctl/cmd/common.go:200.3,200.14 1 0
github.com/cdalar/onctl/cmd/common.go:202.8,204.3 1 0
github.com/cdalar/onctl/cmd/common.go:207.2,207.29 1 0
github.com/cdalar/onctl/cmd/common.go:207.29,209.3 1 0
github.com/cdalar/onctl/cmd/common.go:211.2,212.42 2 0
github.com/cdalar/onctl/cmd/common.go:212.42,215.16 2 0
github.com/cdalar/onctl/cmd/common.go:215.16,216.44 1 0
github.com/cdalar/onctl/cmd/common.go:216.44,218.5 1 0
github.com/cdalar/onctl/cmd/common.go:220.3,221.17 2 0
github.com/cdalar/onctl/cmd/common.go:221.17,223.4 1 0
github.com/cdalar/onctl/cmd/common.go:225.3,228.17 4 0
github.com/cdalar/onctl/cmd/common.go:228.17,230.4 1 0
github.com/cdalar/onctl/cmd/common.go:231.3,231.67 1 0
github.com/cdalar/onctl/cmd/common.go:231.67,233.4 1 0
github.com/cdalar/onctl/cmd/common.go:235.3,235.18 1 0
github.com/cdalar/onctl/cmd/common.go:236.8,240.3 3 0
github.com/cdalar/onctl/cmd/common.go:241.2,241.11 1 0
github.com/cdalar/onctl/cmd/common.go:244.81,247.16 2 1
github.com/cdalar/onctl/cmd/common.go:247.16,249.3 1 0
github.com/cdalar/onctl/cmd/common.go:251.2,251.20 1 1
github.com/cdalar/onctl/cmd/common.go:251.20,254.3 2 1
github.com/cdalar/onctl/cmd/common.go:254.8,256.43 1 1
github.com/cdalar/onctl/cmd/common.go:256.43,259.4 2 1
github.com/cdalar/onctl/cmd/common.go:259.9,262.4 2 1
github.com/cdalar/onctl/cmd/common.go:266.2,271.50 5 1
github.com/cdalar/onctl/cmd/common.go:271.50,273.3 1 1
github.com/cdalar/onctl/cmd/common.go:275.2,275.51 1 1
github.com/cdalar/onctl/cmd/common.go:275.51,277.3 1 1
github.com/cdalar/onctl/cmd/common.go:279.2,279.38 1 1
github.com/cdalar/onctl/cmd/common.go:282.68,283.26 1 1
github.com/cdalar/onctl/cmd/common.go:283.26,285.37 2 0
github.com/cdalar/onctl/cmd/common.go:285.37,287.26 2 0
github.com/cdalar/onctl/cmd/common.go:287.26,292.37 3 0
github.com/cdalar/onctl/cmd/common.go:292.37,296.6 3 0
github.com/cdalar/onctl/cmd/common.go:296.11,299.6 2 0
github.com/cdalar/onctl/cmd/common.go:301.5,307.19 5 0
github.com/cdalar/onctl/cmd/common.go:307.19,309.6 1 0
github.com/cdalar/onctl/cmd/common.go:312.3,312.12 1 0
github.com/cdalar/onctl/cmd/common.go:316.72,317.28 1 1
github.com/cdalar/onctl/cmd/common.go:317.28,319.39 2 0
github.com/cdalar/onctl/cmd/common.go:319.39,321.26 2 0
github.com/cdalar/onctl/cmd/common.go:321.26,326.37 3 0
github.com/cdalar/onctl/cmd/common.go:326.37,330.6 3 0
github.com/cdalar/onctl/cmd/common.go:330.11,333.6 2 0
github.com/cdalar/onctl/cmd/common.go:335.5,338.19 3 0
github.com/cdalar/onctl/cmd/common.go:338.19,340.6 1 0
github.com/cdalar/onctl/cmd/common.go:343.3,343.12 1 0
github.com/cdalar/onctl/cmd/common.go:349.67,350.59 1 1
github.com/cdalar/onctl/cmd/common.go:350.59,352.3 1 1
github.com/cdalar/onctl/cmd/common.go:353.2,353.60 1 1
github.com/cdalar/onctl/cmd/common.go:353.60,355.3 1 1
github.com/cdalar/onctl/cmd/common.go:356.2,356.53 1 1
github.com/cdalar/onctl/cmd/common.go:356.53,358.3 1 1
github.com/cdalar/onctl/cmd/common.go:359.2,359.58 1 1
github.com/cdalar/onctl/cmd/common.go:359.58,361.3 1 1
github.com/cdalar/onctl/cmd/common.go:362.2,362.47 1 1
github.com/cdalar/onctl/cmd/common.go:362.47,364.3 1 1
github.com/cdalar/onctl/cmd/common.go:365.2,365.52 1 1
github.com/cdalar/onctl/cmd/common.go:365.52,367.3 1 1
github.com/cdalar/onctl/cmd/common.go:368.2,368.65 1 1
github.com/cdalar/onctl/cmd/common.go:368.65,370.3 1 1
github.com/cdalar/onctl/cmd/common.go:371.2,371.45 1 1
github.com/cdalar/onctl/cmd/common.go:371.45,373.3 1 1
github.com/cdalar/onctl/cmd/common.go:374.2,374.66 1 1
github.com/cdalar/onctl/cmd/common.go:374.66,376.3 1 1
github.com/cdalar/onctl/cmd/common.go:377.2,377.62 1 1
github.com/cdalar/onctl/cmd/common.go:377.62,379.3 1 1
github.com/cdalar/onctl/cmd/common.go:381.2,381.46 1 1
github.com/cdalar/onctl/cmd/completion.go:10.13,12.2 1 1
github.com/cdalar/onctl/cmd/completion.go:54.47,55.18 1 0
github.com/cdalar/onctl/cmd/completion.go:56.15,58.18 2 0
github.com/cdalar/onctl/cmd/completion.go:58.18,61.5 2 0
github.com/cdalar/onctl/cmd/completion.go:62.14,64.18 2 0
github.com/cdalar/onctl/cmd/completion.go:64.18,67.5 2 0
github.com/cdalar/onctl/cmd/completion.go:68.15,70.18 2 0
github.com/cdalar/onctl/cmd/completion.go:70.18,73.5 2 0
github.com/cdalar/onctl/cmd/completion.go:74.21,76.18 2 0
github.com/cdalar/onctl/cmd/completion.go:76.18,79.5 2 0
github.com/cdalar/onctl/cmd/create.go:40.68,42.16 2 1
github.com/cdalar/onctl/cmd/create.go:42.16,44.3 1 1
github.com/cdalar/onctl/cmd/create.go:45.2,45.15 1 1
github.com/cdalar/onctl/cmd/create.go:45.15,46.38 1 1
github.com/cdalar/onctl/cmd/create.go:46.38,48.4 1 0
github.com/cdalar/onctl/cmd/create.go:51.2,53.48 3 1
github.com/cdalar/onctl/cmd/create.go:53.48,55.3 1 1
github.com/cdalar/onctl/cmd/create.go:57.2,57.21 1 1
github.com/cdalar/onctl/cmd/create.go:60.13,78.2 13 1
github.com/cdalar/onctl/cmd/create.go:87.47,88.27 1 0
github.com/cdalar/onctl/cmd/create.go:88.27,90.18 2 0
github.com/cdalar/onctl/cmd/create.go:90.18,92.5 1 0
github.com/cdalar/onctl/cmd/create.go:93.4,97.29 3 0
github.com/cdalar/onctl/cmd/create.go:99.3,103.17 5 0
github.com/cdalar/onctl/cmd/create.go:103.17,106.4 2 0
github.com/cdalar/onctl/cmd/create.go:108.3,108.32 1 0
github.com/cdalar/onctl/cmd/create.go:108.32,109.30 1 0
github.com/cdalar/onctl/cmd/create.go:109.30,113.5 3 0
github.com/cdalar/onctl/cmd/create.go:116.3,120.23 3 0
github.com/cdalar/onctl/cmd/create.go:120.23,124.18 4 0
github.com/cdalar/onctl/cmd/create.go:124.18,128.5 3 0
github.com/cdalar/onctl/cmd/create.go:131.3,143.17 11 0
github.com/cdalar/onctl/cmd/create.go:143.17,147.4 3 0
github.com/cdalar/onctl/cmd/create.go:148.3,154.24 4 0
github.com/cdalar/onctl/cmd/create.go:154.24,155.40 1 0
github.com/cdalar/onctl/cmd/create.go:155.40,157.5 1 0
github.com/cdalar/onctl/cmd/create.go:157.10,159.5 1 0
github.com/cdalar/onctl/cmd/create.go:161.3,166.17 4 0
github.com/cdalar/onctl/cmd/create.go:166.17,168.4 1 0
github.com/cdalar/onctl/cmd/create.go:171.3,172.28 2 0
github.com/cdalar/onctl/cmd/create.go:172.28,174.18 2 0
github.com/cdalar/onctl/cmd/create.go:174.18,176.5 1 0
github.com/cdalar/onctl/cmd/create.go:176.10,179.5 2 0
github.com/cdalar/onctl/cmd/create.go:183.3,185.66 3 0
github.com/cdalar/onctl/cmd/create.go:185.66,187.51 1 0
github.com/cdalar/onctl/cmd/create.go:187.51,191.5 3 0
github.com/cdalar/onctl/cmd/create.go:191.10,193.5 1 0
github.com/cdalar/onctl/cmd/create.go:194.9,196.39 1 0
github.com/cdalar/onctl/cmd/create.go:196.39,200.5 3 0
github.com/cdalar/onctl/cmd/create.go:200.10,202.5 1 0
github.com/cdalar/onctl/cmd/create.go:205.3,212.17 7 0
github.com/cdalar/onctl/cmd/create.go:212.17,214.4 1 0
github.com/cdalar/onctl/cmd/create.go:217.3,231.23 5 0
github.com/cdalar/onctl/cmd/create.go:231.23,237.67 4 0
github.com/cdalar/onctl/cmd/create.go:237.67,241.5 2 0
github.com/cdalar/onctl/cmd/create.go:241.10,245.5 2 0
github.com/cdalar/onctl/cmd/create.go:247.4,252.18 3 0
github.com/cdalar/onctl/cmd/create.go:252.18,255.5 2 0
github.com/cdalar/onctl/cmd/create.go:255.10,257.5 1 0
github.com/cdalar/onctl/cmd/create.go:260.3,270.27 9 0
github.com/cdalar/onctl/cmd/create.go:270.27,272.18 2 0
github.com/cdalar/onctl/cmd/create.go:272.18,274.5 1 0
github.com/cdalar/onctl/cmd/create.go:275.4,275.56 1 0
github.com/cdalar/onctl/cmd/create.go:279.3,279.31 1 0
github.com/cdalar/onctl/cmd/create.go:279.31,281.4 1 0
github.com/cdalar/onctl/cmd/create.go:284.3,284.44 1 0
github.com/cdalar/onctl/cmd/create.go:284.44,292.18 4 0
github.com/cdalar/onctl/cmd/create.go:292.18,294.5 1 0
github.com/cdalar/onctl/cmd/create.go:295.4,296.80 2 0
github.com/cdalar/onctl/cmd/create.go:299.3,299.33 1 0
github.com/cdalar/onctl/cmd/create.go:299.33,301.4 1 0
github.com/cdalar/onctl/cmd/create.go:302.3,303.56 2 0
github.com/cdalar/onctl/cmd/destroy.go:20.13,22.2 1 1
github.com/cdalar/onctl/cmd/destroy.go:28.117,31.34 3 0
github.com/cdalar/onctl/cmd/destroy.go:31.34,33.4 1 0
github.com/cdalar/onctl/cmd/destroy.go:35.3,35.17 1 0
github.com/cdalar/onctl/cmd/destroy.go:35.17,37.4 1 0
github.com/cdalar/onctl/cmd/destroy.go:39.3,39.50 1 0
github.com/cdalar/onctl/cmd/destroy.go:41.47,44.21 3 0
github.com/cdalar/onctl/cmd/destroy.go:44.21,47.4 2 0
github.com/cdalar/onctl/cmd/destroy.go:49.3,49.18 1 0
github.com/cdalar/onctl/cmd/destroy.go:50.14,52.14 1 0
github.com/cdalar/onctl/cmd/destroy.go:52.14,53.17 1 0
github.com/cdalar/onctl/cmd/destroy.go:53.17,55.6 1 0
github.com/cdalar/onctl/cmd/destroy.go:57.4,59.18 3 0
github.com/cdalar/onctl/cmd/destroy.go:59.18,61.5 1 0
github.com/cdalar/onctl/cmd/destroy.go:62.4,64.40 3 0
github.com/cdalar/onctl/cmd/destroy.go:64.40,66.30 2 0
github.com/cdalar/onctl/cmd/destroy.go:66.30,70.53 4 0
github.com/cdalar/onctl/cmd/destroy.go:70.53,73.7 2 0
github.com/cdalar/onctl/cmd/destroy.go:74.6,75.71 2 0
github.com/cdalar/onctl/cmd/destroy.go:78.4,79.64 2 0
github.com/cdalar/onctl/cmd/destroy.go:80.11,86.71 5 0
github.com/cdalar/onctl/cmd/destroy.go:86.71,91.5 4 0
github.com/cdalar/onctl/cmd/destroy.go:92.4,93.68 2 0
github.com/cdalar/onctl/cmd/init.go:21.47,22.46 1 0
github.com/cdalar/onctl/cmd/init.go:22.46,24.4 1 0
github.com/cdalar/onctl/cmd/init.go:28.33,31.16 2 1
github.com/cdalar/onctl/cmd/init.go:31.16,33.3 1 0
github.com/cdalar/onctl/cmd/init.go:34.2,37.16 3 1
github.com/cdalar/onctl/cmd/init.go:37.16,39.3 1 0
github.com/cdalar/onctl/cmd/init.go:40.2,43.59 3 1
github.com/cdalar/onctl/cmd/init.go:43.59,46.3 1 1
github.com/cdalar/onctl/cmd/init.go:46.8,48.3 1 0
github.com/cdalar/onctl/cmd/init.go:51.2,51.55 1 1
github.com/cdalar/onctl/cmd/init.go:51.55,52.59 1 0
github.com/cdalar/onctl/cmd/init.go:52.59,54.4 1 0
github.com/cdalar/onctl/cmd/init.go:55.3,55.38 1 0
github.com/cdalar/onctl/cmd/init.go:58.2,59.12 2 1
github.com/cdalar/onctl/cmd/init.go:62.48,64.16 2 1
github.com/cdalar/onctl/cmd/init.go:64.16,66.3 1 0
github.com/cdalar/onctl/cmd/init.go:68.2,68.38 1 1
github.com/cdalar/onctl/cmd/init.go:68.38,71.17 3 1
github.com/cdalar/onctl/cmd/init.go:71.17,73.4 1 0
github.com/cdalar/onctl/cmd/init.go:75.3,76.67 2 1
github.com/cdalar/onctl/cmd/init.go:76.67,78.4 1 1
github.com/cdalar/onctl/cmd/init.go:80.2,81.12 2 1
github.com/cdalar/onctl/cmd/list.go:20.13,22.2 1 1
github.com/cdalar/onctl/cmd/list.go:28.47,36.17 3 0
github.com/cdalar/onctl/cmd/list.go:36.17,38.4 1 0
github.com/cdalar/onctl/cmd/list.go:39.3,41.17 2 0
github.com/cdalar/onctl/cmd/list.go:42.17,55.43 8 0
github.com/cdalar/onctl/cmd/list.go:55.43,57.5 1 0
github.com/cdalar/onctl/cmd/list.go:59.4,62.18 4 0
github.com/cdalar/onctl/cmd/list.go:62.18,64.5 1 0
github.com/cdalar/onctl/cmd/list.go:65.18,68.18 3 0
github.com/cdalar/onctl/cmd/list.go:68.18,70.5 1 0
github.com/cdalar/onctl/cmd/list.go:71.4,72.43 2 0
github.com/cdalar/onctl/cmd/list.go:72.43,74.5 1 0
github.com/cdalar/onctl/cmd/list.go:75.15,77.18 2 0
github.com/cdalar/onctl/cmd/list.go:77.18,79.5 1 0
github.com/cdalar/onctl/cmd/list.go:80.4,80.33 1 0
github.com/cdalar/onctl/cmd/list.go:81.15,83.18 2 0
github.com/cdalar/onctl/cmd/list.go:83.18,85.5 1 0
github.com/cdalar/onctl/cmd/list.go:86.4,86.33 1 0
github.com/cdalar/onctl/cmd/list.go:87.11,88.25 1 0
github.com/cdalar/onctl/cmd/list.go:89.19,90.342 1 0
github.com/cdalar/onctl/cmd/list.go:91.12,92.241 1 0
github.com/cdalar/onctl/cmd/list.go:94.4,94.31 1 0
github.com/cdalar/onctl/cmd/network.go:21.13,27.2 5 1
github.com/cdalar/onctl/cmd/network.go:41.47,48.17 3 0
github.com/cdalar/onctl/cmd/network.go:48.17,50.4 1 0
github.com/cdalar/onctl/cmd/network.go:59.47,63.17 3 0
github.com/cdalar/onctl/cmd/network.go:63.17,65.4 1 0
github.com/cdalar/onctl/cmd/network.go:66.3,66.17 1 0
github.com/cdalar/onctl/cmd/network.go:67.15,69.18 2 0
github.com/cdalar/onctl/cmd/network.go:69.18,71.5 1 0
github.com/cdalar/onctl/cmd/network.go:72.4,72.33 1 0
github.com/cdalar/onctl/cmd/network.go:73.15,75.18 2 0
github.com/cdalar/onctl/cmd/network.go:75.18,77.5 1 0
github.com/cdalar/onctl/cmd/network.go:78.4,78.33 1 0
github.com/cdalar/onctl/cmd/network.go:79.11,81.28 2 0
github.com/cdalar/onctl/cmd/network.go:91.117,94.31 3 0
github.com/cdalar/onctl/cmd/network.go:94.31,96.4 1 0
github.com/cdalar/onctl/cmd/network.go:98.3,98.17 1 0
github.com/cdalar/onctl/cmd/network.go:98.17,100.4 1 0
github.com/cdalar/onctl/cmd/network.go:102.3,102.50 1 0
github.com/cdalar/onctl/cmd/network.go:104.47,109.21 3 0
github.com/cdalar/onctl/cmd/network.go:109.21,112.4 2 0
github.com/cdalar/onctl/cmd/network.go:113.3,113.18 1 0
github.com/cdalar/onctl/cmd/network.go:114.14,116.14 1 0
github.com/cdalar/onctl/cmd/network.go:116.14,117.17 1 0
github.com/cdalar/onctl/cmd/network.go:117.17,119.6 1 0
github.com/cdalar/onctl/cmd/network.go:121.4,123.18 3 0
github.com/cdalar/onctl/cmd/network.go:123.18,125.5 1 0
github.com/cdalar/onctl/cmd/network.go:126.4,128.37 3 0
github.com/cdalar/onctl/cmd/network.go:128.37,130.36 2 0
github.com/cdalar/onctl/cmd/network.go:130.36,134.59 4 0
github.com/cdalar/onctl/cmd/network.go:134.59,137.7 2 0
github.com/cdalar/onctl/cmd/network.go:138.6,139.75 2 0
github.com/cdalar/onctl/cmd/network.go:142.4,143.69 2 0
github.com/cdalar/onctl/cmd/network.go:144.11,148.18 3 0
github.com/cdalar/onctl/cmd/network.go:148.18,150.5 1 0
github.com/cdalar/onctl/cmd/network.go:151.4,151.36 1 0
github.com/cdalar/onctl/cmd/network.go:151.36,152.36 1 0
github.com/cdalar/onctl/cmd/network.go:152.36,159.20 5 0
github.com/cdalar/onctl/cmd/network.go:159.20,164.7 4 0
github.com/cdalar/onctl/cmd/network.go:165.6,166.76 2 0
github.com/cdalar/onctl/cmd/root.go:42.34,45.25 2 1
github.com/cdalar/onctl/cmd/root.go:45.25,46.56 1 1
github.com/cdalar/onctl/cmd/root.go:46.56,49.4 2 0
github.com/cdalar/onctl/cmd/root.go:50.8,52.30 2 0
github.com/cdalar/onctl/cmd/root.go:52.30,54.18 2 0
github.com/cdalar/onctl/cmd/root.go:54.18,56.5 1 0
github.com/cdalar/onctl/cmd/root.go:57.4,57.24 1 0
github.com/cdalar/onctl/cmd/root.go:58.9,61.4 2 0
github.com/cdalar/onctl/cmd/root.go:63.2,63.22 1 1
github.com/cdalar/onctl/cmd/root.go:67.22,69.73 2 0
github.com/cdalar/onctl/cmd/root.go:69.73,73.17 4 0
github.com/cdalar/onctl/cmd/root.go:73.17,75.4 1 0
github.com/cdalar/onctl/cmd/root.go:77.2,77.23 1 0
github.com/cdalar/onctl/cmd/root.go:78.17,84.4 2 0
github.com/cdalar/onctl/cmd/root.go:85.13,89.4 1 0
github.com/cdalar/onctl/cmd/root.go:91.13,97.4 2 0
github.com/cdalar/onctl/cmd/root.go:98.15,106.4 1 0
github.com/cdalar/onctl/cmd/root.go:108.2,108.26 1 0
github.com/cdalar/onctl/cmd/root.go:111.13,120.2 8 1
github.com/cdalar/onctl/cmd/ssh.go:30.68,32.16 2 1
github.com/cdalar/onctl/cmd/ssh.go:32.16,34.3 1 1
github.com/cdalar/onctl/cmd/ssh.go:35.2,35.15 1 1
github.com/cdalar/onctl/cmd/ssh.go:35.15,36.38 1 1
github.com/cdalar/onctl/cmd/ssh.go:36.38,38.4 1 0
github.com/cdalar/onctl/cmd/ssh.go:41.2,43.48 3 1
github.com/cdalar/onctl/cmd/ssh.go:43.48,45.3 1 1
github.com/cdalar/onctl/cmd/ssh.go:47.2,47.21 1 1
github.com/cdalar/onctl/cmd/ssh.go:50.13,60.2 9 1
github.com/cdalar/onctl/cmd/ssh.go:68.117,71.34 3 0
github.com/cdalar/onctl/cmd/ssh.go:71.34,73.4 1 0
github.com/cdalar/onctl/cmd/ssh.go:75.3,75.17 1 0
github.com/cdalar/onctl/cmd/ssh.go:75.17,77.4 1 0
github.com/cdalar/onctl/cmd/ssh.go:79.3,79.50 1 0
github.com/cdalar/onctl/cmd/ssh.go:82.47,83.30 1 0
github.com/cdalar/onctl/cmd/ssh.go:83.30,85.18 2 0
github.com/cdalar/onctl/cmd/ssh.go:85.18,87.5 1 0
github.com/cdalar/onctl/cmd/ssh.go:88.4,92.24 3 0
github.com/cdalar/onctl/cmd/ssh.go:92.24,94.5 1 0
github.com/cdalar/onctl/cmd/ssh.go:95.4,95.24 1 0
github.com/cdalar/onctl/cmd/ssh.go:95.24,97.5 1 0
github.com/cdalar/onctl/cmd/ssh.go:98.4,98.34 1 0
github.com/cdalar/onctl/cmd/ssh.go:98.34,100.5 1 0
github.com/cdalar/onctl/cmd/ssh.go:101.4,101.37 1 0
github.com/cdalar/onctl/cmd/ssh.go:101.37,103.5 1 0
github.com/cdalar/onctl/cmd/ssh.go:104.4,104.35 1 0
github.com/cdalar/onctl/cmd/ssh.go:104.35,106.5 1 0
github.com/cdalar/onctl/cmd/ssh.go:107.4,107.31 1 0
github.com/cdalar/onctl/cmd/ssh.go:107.31,109.5 1 0
github.com/cdalar/onctl/cmd/ssh.go:110.4,110.33 1 0
github.com/cdalar/onctl/cmd/ssh.go:110.33,112.5 1 0
github.com/cdalar/onctl/cmd/ssh.go:113.4,113.29 1 0
github.com/cdalar/onctl/cmd/ssh.go:113.29,115.5 1 0
github.com/cdalar/onctl/cmd/ssh.go:118.3,122.21 4 0
github.com/cdalar/onctl/cmd/ssh.go:122.21,125.4 2 0
github.com/cdalar/onctl/cmd/ssh.go:126.3,133.17 7 0
github.com/cdalar/onctl/cmd/ssh.go:133.17,135.4 1 0
github.com/cdalar/onctl/cmd/ssh.go:136.3,137.17 2 0
github.com/cdalar/onctl/cmd/ssh.go:137.17,139.4 1 0
github.com/cdalar/onctl/cmd/ssh.go:142.3,143.28 2 0
github.com/cdalar/onctl/cmd/ssh.go:143.28,145.18 2 0
github.com/cdalar/onctl/cmd/ssh.go:145.18,147.5 1 0
github.com/cdalar/onctl/cmd/ssh.go:147.10,150.5 2 0
github.com/cdalar/onctl/cmd/ssh.go:154.3,155.66 2 0
github.com/cdalar/onctl/cmd/ssh.go:155.66,157.51 1 0
github.com/cdalar/onctl/cmd/ssh.go:157.51,160.5 2 0
github.com/cdalar/onctl/cmd/ssh.go:160.10,162.5 1 0
github.com/cdalar/onctl/cmd/ssh.go:163.9,165.39 1 0
github.com/cdalar/onctl/cmd/ssh.go:165.39,168.5 2 0
github.com/cdalar/onctl/cmd/ssh.go:168.10,170.5 1 0
github.com/cdalar/onctl/cmd/ssh.go:173.3,182.30 2 0
github.com/cdalar/onctl/cmd/ssh.go:182.30,184.18 2 0
github.com/cdalar/onctl/cmd/ssh.go:184.18,186.5 1 0
github.com/cdalar/onctl/cmd/ssh.go:187.4,187.62 1 0
github.com/cdalar/onctl/cmd/ssh.go:190.3,190.34 1 0
github.com/cdalar/onctl/cmd/ssh.go:190.34,192.4 1 0
github.com/cdalar/onctl/cmd/ssh.go:195.3,195.44 1 0
github.com/cdalar/onctl/cmd/ssh.go:195.44,203.18 4 0
github.com/cdalar/onctl/cmd/ssh.go:203.18,205.5 1 0
github.com/cdalar/onctl/cmd/ssh.go:206.4,207.83 2 0
github.com/cdalar/onctl/cmd/ssh.go:212.3,212.36 1 0
github.com/cdalar/onctl/cmd/ssh.go:212.36,214.4 1 0
github.com/cdalar/onctl/cmd/ssh.go:215.3,215.124 1 0
github.com/cdalar/onctl/cmd/ssh.go:215.124,224.4 1 0
github.com/cdalar/onctl/cmd/templates.go:30.13,35.2 4 1
github.com/cdalar/onctl/cmd/templates.go:48.47,52.22 3 0
github.com/cdalar/onctl/cmd/templates.go:52.22,55.18 2 0
github.com/cdalar/onctl/cmd/templates.go:55.18,58.5 2 0
github.com/cdalar/onctl/cmd/templates.go:59.9,62.18 2 0
github.com/cdalar/onctl/cmd/templates.go:62.18,65.5 2 0
github.com/cdalar/onctl/cmd/templates.go:66.4,66.17 1 0
github.com/cdalar/onctl/cmd/templates.go:66.17,67.45 1 0
github.com/cdalar/onctl/cmd/templates.go:67.45,69.6 1 0
github.com/cdalar/onctl/cmd/templates.go:73.4,73.46 1 0
github.com/cdalar/onctl/cmd/templates.go:73.46,77.5 3 0
github.com/cdalar/onctl/cmd/templates.go:80.4,80.40 1 0
github.com/cdalar/onctl/cmd/templates.go:80.40,83.5 2 0
github.com/cdalar/onctl/cmd/templates.go:85.4,86.18 2 0
github.com/cdalar/onctl/cmd/templates.go:86.18,89.5 2 0
github.com/cdalar/onctl/cmd/templates.go:93.3,95.17 3 0
github.com/cdalar/onctl/cmd/templates.go:95.17,98.4 2 0
github.com/cdalar/onctl/cmd/templates.go:101.3,104.25 3 0
github.com/cdalar/onctl/cmd/templates.go:115.117,120.22 3 0
github.com/cdalar/onctl/cmd/templates.go:120.22,123.18 2 0
github.com/cdalar/onctl/cmd/templates.go:123.18,125.5 1 0
github.com/cdalar/onctl/cmd/templates.go:126.9,129.18 2 0
github.com/cdalar/onctl/cmd/templates.go:129.18,131.5 1 0
github.com/cdalar/onctl/cmd/templates.go:132.4,132.17 1 0
github.com/cdalar/onctl/cmd/templates.go:132.17,133.45 1 0
github.com/cdalar/onctl/cmd/templates.go:133.45,135.6 1 0
github.com/cdalar/onctl/cmd/templates.go:138.4,138.40 1 0
github.com/cdalar/onctl/cmd/templates.go:138.40,140.5 1 0
github.com/cdalar/onctl/cmd/templates.go:142.4,143.18 2 0
github.com/cdalar/onctl/cmd/templates.go:143.18,145.5 1 0
github.com/cdalar/onctl/cmd/templates.go:149.3,151.17 3 0
github.com/cdalar/onctl/cmd/templates.go:151.17,153.4 1 0
github.com/cdalar/onctl/cmd/templates.go:156.3,157.44 2 0
github.com/cdalar/onctl/cmd/templates.go:157.44,159.4 1 0
github.com/cdalar/onctl/cmd/templates.go:161.3,161.50 1 0
github.com/cdalar/onctl/cmd/templates.go:163.47,171.17 4 0
github.com/cdalar/onctl/cmd/templates.go:171.17,174.4 2 0
github.com/cdalar/onctl/cmd/templates.go:175.3,175.16 1 0
github.com/cdalar/onctl/cmd/templates.go:175.16,176.44 1 0
github.com/cdalar/onctl/cmd/templates.go:176.44,178.5 1 0
github.com/cdalar/onctl/cmd/templates.go:182.3,182.45 1 0
github.com/cdalar/onctl/cmd/templates.go:182.45,186.4 3 0
github.com/cdalar/onctl/cmd/templates.go:189.3,189.39 1 0
github.com/cdalar/onctl/cmd/templates.go:189.39,192.4 2 0
github.com/cdalar/onctl/cmd/templates.go:195.3,196.17 2 0
github.com/cdalar/onctl/cmd/templates.go:196.17,199.4 2 0
github.com/cdalar/onctl/cmd/templates.go:203.3,207.17 2 0
github.com/cdalar/onctl/cmd/templates.go:207.17,210.4 2 0
github.com/cdalar/onctl/cmd/templates.go:212.3,213.17 2 0
github.com/cdalar/onctl/cmd/templates.go:213.17,216.4 2 0
github.com/cdalar/onctl/cmd/templates.go:218.3,219.22 2 0
github.com/cdalar/onctl/cmd/version.go:16.47,18.3 1 1
github.com/cdalar/onctl/cmd/vm.go:15.13,22.2 6 1
github.com/cdalar/onctl/cmd/vm.go:33.117,35.32 1 0
github.com/cdalar/onctl/cmd/vm.go:35.32,39.32 3 0
github.com/cdalar/onctl/cmd/vm.go:39.32,41.5 1 0
github.com/cdalar/onctl/cmd/vm.go:42.4,42.18 1 0
github.com/cdalar/onctl/cmd/vm.go:42.18,44.5 1 0
github.com/cdalar/onctl/cmd/vm.go:45.4,45.51 1 0
github.com/cdalar/onctl/cmd/vm.go:46.9,50.35 3 0
github.com/cdalar/onctl/cmd/vm.go:50.35,52.5 1 0
github.com/cdalar/onctl/cmd/vm.go:53.4,53.18 1 0
github.com/cdalar/onctl/cmd/vm.go:53.18,55.5 1 0
github.com/cdalar/onctl/cmd/vm.go:56.4,56.51 1 0
github.com/cdalar/onctl/cmd/vm.go:59.47,63.17 3 0
github.com/cdalar/onctl/cmd/vm.go:63.17,65.4 1 0
github.com/cdalar/onctl/cmd/vm.go:66.3,68.17 3 0
github.com/cdalar/onctl/cmd/vm.go:68.17,70.4 1 0
github.com/cdalar/onctl/cmd/vm.go:71.3,73.17 3 0
github.com/cdalar/onctl/cmd/vm.go:73.17,75.4 1 0
github.com/cdalar/onctl/cmd/vm.go:82.117,84.32 1 0
github.com/cdalar/onctl/cmd/vm.go:84.32,88.32 3 0
github.com/cdalar/onctl/cmd/vm.go:88.32,90.5 1 0
github.com/cdalar/onctl/cmd/vm.go:91.4,91.18 1 0
github.com/cdalar/onctl/cmd/vm.go:91.18,93.5 1 0
github.com/cdalar/onctl/cmd/vm.go:94.4,94.51 1 0
github.com/cdalar/onctl/cmd/vm.go:95.9,99.35 3 0
github.com/cdalar/onctl/cmd/vm.go:99.35,101.5 1 0
github.com/cdalar/onctl/cmd/vm.go:102.4,102.18 1 0
github.com/cdalar/onctl/cmd/vm.go:102.18,104.5 1 0
github.com/cdalar/onctl/cmd/vm.go:105.4,105.51 1 0
github.com/cdalar/onctl/cmd/vm.go:108.47,112.17 3 0
github.com/cdalar/onctl/cmd/vm.go:112.17,114.4 1 0
github.com/cdalar/onctl/cmd/vm.go:115.3,117.17 3 0
github.com/cdalar/onctl/cmd/vm.go:117.17,119.4 1 0
github.com/cdalar/onctl/cmd/vm.go:120.3,122.17 3 0
github.com/cdalar/onctl/cmd/vm.go:122.17,124.4 1 0
