mode: set
github.com/cdalar/onctl/cmd/common.go:31.34,33.16 2 1
github.com/cdalar/onctl/cmd/common.go:33.16,35.3 1 0
github.com/cdalar/onctl/cmd/common.go:36.2,37.11 2 1
github.com/cdalar/onctl/cmd/common.go:40.45,43.16 2 1
github.com/cdalar/onctl/cmd/common.go:43.16,45.3 1 0
github.com/cdalar/onctl/cmd/common.go:47.2,49.16 3 1
github.com/cdalar/onctl/cmd/common.go:49.16,51.3 1 0
github.com/cdalar/onctl/cmd/common.go:52.2,58.52 5 1
github.com/cdalar/onctl/cmd/common.go:58.52,61.3 2 1
github.com/cdalar/onctl/cmd/common.go:61.8,61.58 1 1
github.com/cdalar/onctl/cmd/common.go:61.58,64.3 2 1
github.com/cdalar/onctl/cmd/common.go:64.8,66.3 1 0
github.com/cdalar/onctl/cmd/common.go:69.2,72.55 3 1
github.com/cdalar/onctl/cmd/common.go:72.55,74.3 1 1
github.com/cdalar/onctl/cmd/common.go:76.2,79.45 3 1
github.com/cdalar/onctl/cmd/common.go:79.45,81.3 1 0
github.com/cdalar/onctl/cmd/common.go:83.2,84.46 2 1
github.com/cdalar/onctl/cmd/common.go:84.46,86.3 1 0
github.com/cdalar/onctl/cmd/common.go:88.2,89.12 2 1
github.com/cdalar/onctl/cmd/common.go:92.46,93.25 1 1
github.com/cdalar/onctl/cmd/common.go:93.25,94.23 1 1
github.com/cdalar/onctl/cmd/common.go:94.23,96.4 1 1
github.com/cdalar/onctl/cmd/common.go:98.2,98.11 1 1
github.com/cdalar/onctl/cmd/common.go:101.56,103.2 1 1
github.com/cdalar/onctl/cmd/common.go:105.46,110.16 5 1
github.com/cdalar/onctl/cmd/common.go:110.16,112.3 1 0
github.com/cdalar/onctl/cmd/common.go:113.2,114.16 2 1
github.com/cdalar/onctl/cmd/common.go:114.16,116.3 1 1
github.com/cdalar/onctl/cmd/common.go:117.2,117.34 1 1
github.com/cdalar/onctl/cmd/common.go:117.34,119.3 1 0
github.com/cdalar/onctl/cmd/common.go:121.45,123.16 2 1
github.com/cdalar/onctl/cmd/common.go:123.16,125.3 1 1
github.com/cdalar/onctl/cmd/common.go:126.2,126.8 1 1
github.com/cdalar/onctl/cmd/common.go:130.19,137.16 3 0
github.com/cdalar/onctl/cmd/common.go:137.16,139.3 1 0
github.com/cdalar/onctl/cmd/common.go:140.2,140.24 1 0
github.com/cdalar/onctl/cmd/common.go:144.30,147.22 2 0
github.com/cdalar/onctl/cmd/common.go:148.15,149.46 1 0
github.com/cdalar/onctl/cmd/common.go:150.17,151.77 1 0
github.com/cdalar/onctl/cmd/common.go:152.16,153.42 1 0
github.com/cdalar/onctl/cmd/common.go:154.10,155.43 1 0
github.com/cdalar/onctl/cmd/common.go:157.2,157.16 1 0
github.com/cdalar/onctl/cmd/common.go:157.16,159.3 1 0
github.com/cdalar/onctl/cmd/common.go:163.40,165.29 2 1
github.com/cdalar/onctl/cmd/common.go:165.29,168.3 2 1
github.com/cdalar/onctl/cmd/common.go:169.2,169.18 1 1
github.com/cdalar/onctl/cmd/common.go:172.56,173.20 1 1
github.com/cdalar/onctl/cmd/common.go:173.20,175.3 1 1
github.com/cdalar/onctl/cmd/common.go:178.2,179.16 2 1
github.com/cdalar/onctl/cmd/common.go:179.16,181.3 1 1
github.com/cdalar/onctl/cmd/common.go:181.8,183.3 1 0
github.com/cdalar/onctl/cmd/common.go:186.2,187.16 2 0
github.com/cdalar/onctl/cmd/common.go:187.16,191.17 3 0
github.com/cdalar/onctl/cmd/common.go:191.17,193.4 1 0
github.com/cdalar/onctl/cmd/common.go:195.3,196.63 2 0
github.com/cdalar/onctl/cmd/common.go:196.63,198.4 1 0
github.com/cdalar/onctl/cmd/common.go:200.3,200.14 1 0
github.com/cdalar/onctl/cmd/common.go:202.8,204.3 1 0
github.com/cdalar/onctl/cmd/common.go:207.2,207.29 1 0
github.com/cdalar/onctl/cmd/common.go:207.29,209.3 1 0
github.com/cdalar/onctl/cmd/common.go:211.2,212.42 2 0
github.com/cdalar/onctl/cmd/common.go:212.42,215.16 2 0
github.com/cdalar/onctl/cmd/common.go:215.16,216.44 1 0
github.com/cdalar/onctl/cmd/common.go:216.44,218.5 1 0
github.com/cdalar/onctl/cmd/common.go:220.3,221.17 2 0
github.com/cdalar/onctl/cmd/common.go:221.17,223.4 1 0
github.com/cdalar/onctl/cmd/common.go:225.3,228.17 4 0
github.com/cdalar/onctl/cmd/common.go:228.17,230.4 1 0
github.com/cdalar/onctl/cmd/common.go:231.3,231.67 1 0
github.com/cdalar/onctl/cmd/common.go:231.67,233.4 1 0
github.com/cdalar/onctl/cmd/common.go:235.3,235.18 1 0
github.com/cdalar/onctl/cmd/common.go:236.8,240.3 3 0
github.com/cdalar/onctl/cmd/common.go:241.2,241.11 1 0
github.com/cdalar/onctl/cmd/common.go:244.81,247.16 2 1
github.com/cdalar/onctl/cmd/common.go:247.16,249.3 1 0
github.com/cdalar/onctl/cmd/common.go:251.2,251.20 1 1
github.com/cdalar/onctl/cmd/common.go:251.20,254.3 2 1
github.com/cdalar/onctl/cmd/common.go:254.8,256.43 1 1
github.com/cdalar/onctl/cmd/common.go:256.43,259.4 2 1
github.com/cdalar/onctl/cmd/common.go:259.9,262.4 2 1
github.com/cdalar/onctl/cmd/common.go:266.2,271.50 5 1
github.com/cdalar/onctl/cmd/common.go:271.50,273.3 1 1
github.com/cdalar/onctl/cmd/common.go:275.2,275.51 1 1
github.com/cdalar/onctl/cmd/common.go:275.51,277.3 1 1
github.com/cdalar/onctl/cmd/common.go:279.2,279.38 1 1
github.com/cdalar/onctl/cmd/common.go:282.68,283.26 1 1
github.com/cdalar/onctl/cmd/common.go:283.26,285.37 2 0
github.com/cdalar/onctl/cmd/common.go:285.37,287.26 2 0
github.com/cdalar/onctl/cmd/common.go:287.26,292.37 3 0
github.com/cdalar/onctl/cmd/common.go:292.37,296.6 3 0
github.com/cdalar/onctl/cmd/common.go:296.11,299.6 2 0
github.com/cdalar/onctl/cmd/common.go:301.5,307.19 5 0
github.com/cdalar/onctl/cmd/common.go:307.19,309.6 1 0
github.com/cdalar/onctl/cmd/common.go:312.3,312.12 1 0
github.com/cdalar/onctl/cmd/common.go:316.72,317.28 1 1
github.com/cdalar/onctl/cmd/common.go:317.28,319.39 2 0
github.com/cdalar/onctl/cmd/common.go:319.39,321.26 2 0
github.com/cdalar/onctl/cmd/common.go:321.26,326.37 3 0
github.com/cdalar/onctl/cmd/common.go:326.37,330.6 3 0
github.com/cdalar/onctl/cmd/common.go:330.11,333.6 2 0
github.com/cdalar/onctl/cmd/common.go:335.5,338.19 3 0
github.com/cdalar/onctl/cmd/common.go:338.19,340.6 1 0
github.com/cdalar/onctl/cmd/common.go:343.3,343.12 1 0
github.com/cdalar/onctl/cmd/common.go:349.67,350.59 1 1
github.com/cdalar/onctl/cmd/common.go:350.59,352.3 1 1
github.com/cdalar/onctl/cmd/common.go:353.2,353.60 1 1
github.com/cdalar/onctl/cmd/common.go:353.60,355.3 1 1
github.com/cdalar/onctl/cmd/common.go:356.2,356.53 1 1
github.com/cdalar/onctl/cmd/common.go:356.53,358.3 1 1
github.com/cdalar/onctl/cmd/common.go:359.2,359.58 1 1
github.com/cdalar/onctl/cmd/common.go:359.58,361.3 1 1
github.com/cdalar/onctl/cmd/common.go:362.2,362.47 1 1
github.com/cdalar/onctl/cmd/common.go:362.47,364.3 1 1
github.com/cdalar/onctl/cmd/common.go:365.2,365.52 1 1
github.com/cdalar/onctl/cmd/common.go:365.52,367.3 1 1
github.com/cdalar/onctl/cmd/common.go:368.2,368.65 1 1
github.com/cdalar/onctl/cmd/common.go:368.65,370.3 1 1
github.com/cdalar/onctl/cmd/common.go:371.2,371.45 1 1
github.com/cdalar/onctl/cmd/common.go:371.45,373.3 1 1
github.com/cdalar/onctl/cmd/common.go:374.2,374.66 1 1
github.com/cdalar/onctl/cmd/common.go:374.66,376.3 1 1
github.com/cdalar/onctl/cmd/common.go:377.2,377.62 1 1
github.com/cdalar/onctl/cmd/common.go:377.62,379.3 1 1
github.com/cdalar/onctl/cmd/common.go:381.2,381.46 1 1
github.com/cdalar/onctl/cmd/create.go:40.68,42.16 2 1
github.com/cdalar/onctl/cmd/create.go:42.16,44.3 1 1
github.com/cdalar/onctl/cmd/create.go:45.2,45.15 1 1
github.com/cdalar/onctl/cmd/create.go:45.15,46.38 1 1
github.com/cdalar/onctl/cmd/create.go:46.38,48.4 1 0
github.com/cdalar/onctl/cmd/create.go:51.2,53.48 3 1
github.com/cdalar/onctl/cmd/create.go:53.48,55.3 1 1
github.com/cdalar/onctl/cmd/create.go:57.2,57.21 1 1
github.com/cdalar/onctl/cmd/create.go:60.13,78.2 13 1
github.com/cdalar/onctl/cmd/create.go:87.47,88.27 1 0
github.com/cdalar/onctl/cmd/create.go:88.27,90.18 2 0
github.com/cdalar/onctl/cmd/create.go:90.18,92.5 1 0
github.com/cdalar/onctl/cmd/create.go:93.4,97.29 3 0
github.com/cdalar/onctl/cmd/create.go:99.3,103.17 5 0
github.com/cdalar/onctl/cmd/create.go:103.17,106.4 2 0
github.com/cdalar/onctl/cmd/create.go:108.3,108.32 1 0
github.com/cdalar/onctl/cmd/create.go:108.32,109.30 1 0
github.com/cdalar/onctl/cmd/create.go:109.30,113.5 3 0
github.com/cdalar/onctl/cmd/create.go:116.3,120.23 3 0
github.com/cdalar/onctl/cmd/create.go:120.23,124.18 4 0
github.com/cdalar/onctl/cmd/create.go:124.18,128.5 3 0
github.com/cdalar/onctl/cmd/create.go:131.3,143.17 11 0
github.com/cdalar/onctl/cmd/create.go:143.17,147.4 3 0
github.com/cdalar/onctl/cmd/create.go:148.3,154.24 4 0
github.com/cdalar/onctl/cmd/create.go:154.24,155.40 1 0
github.com/cdalar/onctl/cmd/create.go:155.40,157.5 1 0
github.com/cdalar/onctl/cmd/create.go:157.10,159.5 1 0
github.com/cdalar/onctl/cmd/create.go:161.3,166.17 4 0
github.com/cdalar/onctl/cmd/create.go:166.17,168.4 1 0
github.com/cdalar/onctl/cmd/create.go:171.3,172.28 2 0
github.com/cdalar/onctl/cmd/create.go:172.28,174.18 2 0
github.com/cdalar/onctl/cmd/create.go:174.18,176.5 1 0
github.com/cdalar/onctl/cmd/create.go:176.10,179.5 2 0
github.com/cdalar/onctl/cmd/create.go:183.3,185.66 3 0
github.com/cdalar/onctl/cmd/create.go:185.66,187.51 1 0
github.com/cdalar/onctl/cmd/create.go:187.51,191.5 3 0
github.com/cdalar/onctl/cmd/create.go:191.10,193.5 1 0
github.com/cdalar/onctl/cmd/create.go:194.9,196.39 1 0
github.com/cdalar/onctl/cmd/create.go:196.39,200.5 3 0
github.com/cdalar/onctl/cmd/create.go:200.10,202.5 1 0
github.com/cdalar/onctl/cmd/create.go:205.3,212.17 7 0
github.com/cdalar/onctl/cmd/create.go:212.17,214.4 1 0
github.com/cdalar/onctl/cmd/create.go:217.3,231.23 5 0
github.com/cdalar/onctl/cmd/create.go:231.23,237.67 4 0
github.com/cdalar/onctl/cmd/create.go:237.67,241.5 2 0
github.com/cdalar/onctl/cmd/create.go:241.10,245.5 2 0
github.com/cdalar/onctl/cmd/create.go:247.4,252.18 3 0
github.com/cdalar/onctl/cmd/create.go:252.18,255.5 2 0
github.com/cdalar/onctl/cmd/create.go:255.10,257.5 1 0
github.com/cdalar/onctl/cmd/create.go:260.3,270.27 9 0
github.com/cdalar/onctl/cmd/create.go:270.27,272.18 2 0
github.com/cdalar/onctl/cmd/create.go:272.18,274.5 1 0
github.com/cdalar/onctl/cmd/create.go:275.4,275.56 1 0
github.com/cdalar/onctl/cmd/create.go:279.3,279.31 1 0
github.com/cdalar/onctl/cmd/create.go:279.31,281.4 1 0
github.com/cdalar/onctl/cmd/create.go:284.3,284.44 1 0
github.com/cdalar/onctl/cmd/create.go:284.44,292.18 4 0
github.com/cdalar/onctl/cmd/create.go:292.18,294.5 1 0
github.com/cdalar/onctl/cmd/create.go:295.4,296.80 2 0
github.com/cdalar/onctl/cmd/create.go:299.3,299.33 1 0
github.com/cdalar/onctl/cmd/create.go:299.33,301.4 1 0
github.com/cdalar/onctl/cmd/create.go:302.3,303.56 2 0
github.com/cdalar/onctl/cmd/destroy.go:20.13,22.2 1 1
github.com/cdalar/onctl/cmd/destroy.go:28.117,31.34 3 0
github.com/cdalar/onctl/cmd/destroy.go:31.34,33.4 1 0
github.com/cdalar/onctl/cmd/destroy.go:35.3,35.17 1 0
github.com/cdalar/onctl/cmd/destroy.go:35.17,37.4 1 0
github.com/cdalar/onctl/cmd/destroy.go:39.3,39.50 1 0
github.com/cdalar/onctl/cmd/destroy.go:41.47,44.21 3 0
github.com/cdalar/onctl/cmd/destroy.go:44.21,47.4 2 0
github.com/cdalar/onctl/cmd/destroy.go:49.3,49.18 1 0
github.com/cdalar/onctl/cmd/destroy.go:50.14,52.14 1 0
github.com/cdalar/onctl/cmd/destroy.go:52.14,53.17 1 0
github.com/cdalar/onctl/cmd/destroy.go:53.17,55.6 1 0
github.com/cdalar/onctl/cmd/destroy.go:57.4,59.18 3 0
github.com/cdalar/onctl/cmd/destroy.go:59.18,61.5 1 0
github.com/cdalar/onctl/cmd/destroy.go:62.4,64.40 3 0
github.com/cdalar/onctl/cmd/destroy.go:64.40,66.30 2 0
github.com/cdalar/onctl/cmd/destroy.go:66.30,70.53 4 0
github.com/cdalar/onctl/cmd/destroy.go:70.53,73.7 2 0
github.com/cdalar/onctl/cmd/destroy.go:74.6,75.71 2 0
github.com/cdalar/onctl/cmd/destroy.go:78.4,79.64 2 0
github.com/cdalar/onctl/cmd/destroy.go:80.11,86.71 5 0
github.com/cdalar/onctl/cmd/destroy.go:86.71,91.5 4 0
github.com/cdalar/onctl/cmd/destroy.go:92.4,93.68 2 0
github.com/cdalar/onctl/cmd/init.go:21.47,22.46 1 0
github.com/cdalar/onctl/cmd/init.go:22.46,24.4 1 0
github.com/cdalar/onctl/cmd/init.go:28.33,31.16 2 1
github.com/cdalar/onctl/cmd/init.go:31.16,33.3 1 0
github.com/cdalar/onctl/cmd/init.go:34.2,37.16 3 1
github.com/cdalar/onctl/cmd/init.go:37.16,39.3 1 0
github.com/cdalar/onctl/cmd/init.go:40.2,43.59 3 1
github.com/cdalar/onctl/cmd/init.go:43.59,46.3 1 1
github.com/cdalar/onctl/cmd/init.go:46.8,48.3 1 0
github.com/cdalar/onctl/cmd/init.go:51.2,51.55 1 1
github.com/cdalar/onctl/cmd/init.go:51.55,52.59 1 0
github.com/cdalar/onctl/cmd/init.go:52.59,54.4 1 0
github.com/cdalar/onctl/cmd/init.go:55.3,55.38 1 0
github.com/cdalar/onctl/cmd/init.go:58.2,59.12 2 1
github.com/cdalar/onctl/cmd/init.go:62.48,64.16 2 1
github.com/cdalar/onctl/cmd/init.go:64.16,66.3 1 0
github.com/cdalar/onctl/cmd/init.go:68.2,68.38 1 1
github.com/cdalar/onctl/cmd/init.go:68.38,71.17 3 1
github.com/cdalar/onctl/cmd/init.go:71.17,73.4 1 0
github.com/cdalar/onctl/cmd/init.go:75.3,76.67 2 1
github.com/cdalar/onctl/cmd/init.go:76.67,78.4 1 1
github.com/cdalar/onctl/cmd/init.go:80.2,81.12 2 1
github.com/cdalar/onctl/cmd/list.go:20.13,22.2 1 1
github.com/cdalar/onctl/cmd/list.go:28.47,36.17 3 0
github.com/cdalar/onctl/cmd/list.go:36.17,38.4 1 0
github.com/cdalar/onctl/cmd/list.go:39.3,41.17 2 0
github.com/cdalar/onctl/cmd/list.go:42.17,55.43 8 0
github.com/cdalar/onctl/cmd/list.go:55.43,57.5 1 0
github.com/cdalar/onctl/cmd/list.go:59.4,62.18 4 0
github.com/cdalar/onctl/cmd/list.go:62.18,64.5 1 0
github.com/cdalar/onctl/cmd/list.go:65.18,68.18 3 0
github.com/cdalar/onctl/cmd/list.go:68.18,70.5 1 0
github.com/cdalar/onctl/cmd/list.go:71.4,72.43 2 0
github.com/cdalar/onctl/cmd/list.go:72.43,74.5 1 0
github.com/cdalar/onctl/cmd/list.go:75.15,77.18 2 0
github.com/cdalar/onctl/cmd/list.go:77.18,79.5 1 0
github.com/cdalar/onctl/cmd/list.go:80.4,80.33 1 0
github.com/cdalar/onctl/cmd/list.go:81.15,83.18 2 0
github.com/cdalar/onctl/cmd/list.go:83.18,85.5 1 0
github.com/cdalar/onctl/cmd/list.go:86.4,86.33 1 0
github.com/cdalar/onctl/cmd/list.go:87.11,88.25 1 0
github.com/cdalar/onctl/cmd/list.go:89.19,90.342 1 0
github.com/cdalar/onctl/cmd/list.go:91.12,92.241 1 0
github.com/cdalar/onctl/cmd/list.go:94.4,94.31 1 0
github.com/cdalar/onctl/cmd/network.go:21.13,27.2 5 1
github.com/cdalar/onctl/cmd/network.go:41.47,48.17 3 0
github.com/cdalar/onctl/cmd/network.go:48.17,50.4 1 0
github.com/cdalar/onctl/cmd/network.go:59.47,63.17 3 0
github.com/cdalar/onctl/cmd/network.go:63.17,65.4 1 0
github.com/cdalar/onctl/cmd/network.go:66.3,66.17 1 0
github.com/cdalar/onctl/cmd/network.go:67.15,69.18 2 0
github.com/cdalar/onctl/cmd/network.go:69.18,71.5 1 0
github.com/cdalar/onctl/cmd/network.go:72.4,72.33 1 0
github.com/cdalar/onctl/cmd/network.go:73.15,75.18 2 0
github.com/cdalar/onctl/cmd/network.go:75.18,77.5 1 0
github.com/cdalar/onctl/cmd/network.go:78.4,78.33 1 0
github.com/cdalar/onctl/cmd/network.go:79.11,81.28 2 0
github.com/cdalar/onctl/cmd/network.go:91.47,96.21 3 0
github.com/cdalar/onctl/cmd/network.go:96.21,99.4 2 0
github.com/cdalar/onctl/cmd/network.go:100.3,100.18 1 0
github.com/cdalar/onctl/cmd/network.go:101.14,103.14 1 0
github.com/cdalar/onctl/cmd/network.go:103.14,104.17 1 0
github.com/cdalar/onctl/cmd/network.go:104.17,106.6 1 0
github.com/cdalar/onctl/cmd/network.go:108.4,110.18 3 0
github.com/cdalar/onctl/cmd/network.go:110.18,112.5 1 0
github.com/cdalar/onctl/cmd/network.go:113.4,115.37 3 0
github.com/cdalar/onctl/cmd/network.go:115.37,117.36 2 0
github.com/cdalar/onctl/cmd/network.go:117.36,121.59 4 0
github.com/cdalar/onctl/cmd/network.go:121.59,124.7 2 0
github.com/cdalar/onctl/cmd/network.go:125.6,126.75 2 0
github.com/cdalar/onctl/cmd/network.go:129.4,130.69 2 0
github.com/cdalar/onctl/cmd/network.go:131.11,135.18 3 0
github.com/cdalar/onctl/cmd/network.go:135.18,137.5 1 0
github.com/cdalar/onctl/cmd/network.go:138.4,138.36 1 0
github.com/cdalar/onctl/cmd/network.go:138.36,139.36 1 0
github.com/cdalar/onctl/cmd/network.go:139.36,146.20 5 0
github.com/cdalar/onctl/cmd/network.go:146.20,151.7 4 0
github.com/cdalar/onctl/cmd/network.go:152.6,153.76 2 0
github.com/cdalar/onctl/cmd/root.go:42.34,45.25 2 1
github.com/cdalar/onctl/cmd/root.go:45.25,46.56 1 1
github.com/cdalar/onctl/cmd/root.go:46.56,49.4 2 0
github.com/cdalar/onctl/cmd/root.go:50.8,52.30 2 0
github.com/cdalar/onctl/cmd/root.go:52.30,54.18 2 0
github.com/cdalar/onctl/cmd/root.go:54.18,56.5 1 0
github.com/cdalar/onctl/cmd/root.go:57.4,57.24 1 0
github.com/cdalar/onctl/cmd/root.go:58.9,61.4 2 0
github.com/cdalar/onctl/cmd/root.go:63.2,63.22 1 1
github.com/cdalar/onctl/cmd/root.go:67.22,69.73 2 0
github.com/cdalar/onctl/cmd/root.go:69.73,73.17 4 0
github.com/cdalar/onctl/cmd/root.go:73.17,75.4 1 0
github.com/cdalar/onctl/cmd/root.go:77.2,77.23 1 0
github.com/cdalar/onctl/cmd/root.go:78.17,84.4 2 0
github.com/cdalar/onctl/cmd/root.go:85.13,89.4 1 0
github.com/cdalar/onctl/cmd/root.go:91.13,97.4 2 0
github.com/cdalar/onctl/cmd/root.go:98.15,106.4 1 0
github.com/cdalar/onctl/cmd/root.go:108.2,108.26 1 0
github.com/cdalar/onctl/cmd/root.go:111.13,120.2 8 1
github.com/cdalar/onctl/cmd/ssh.go:30.68,32.16 2 1
github.com/cdalar/onctl/cmd/ssh.go:32.16,34.3 1 1
github.com/cdalar/onctl/cmd/ssh.go:35.2,35.15 1 1
github.com/cdalar/onctl/cmd/ssh.go:35.15,36.38 1 1
github.com/cdalar/onctl/cmd/ssh.go:36.38,38.4 1 0
github.com/cdalar/onctl/cmd/ssh.go:41.2,43.48 3 1
github.com/cdalar/onctl/cmd/ssh.go:43.48,45.3 1 1
github.com/cdalar/onctl/cmd/ssh.go:47.2,47.21 1 1
github.com/cdalar/onctl/cmd/ssh.go:50.13,60.2 9 1
github.com/cdalar/onctl/cmd/ssh.go:68.117,71.34 3 0
github.com/cdalar/onctl/cmd/ssh.go:71.34,73.4 1 0
github.com/cdalar/onctl/cmd/ssh.go:75.3,75.17 1 0
github.com/cdalar/onctl/cmd/ssh.go:75.17,77.4 1 0
github.com/cdalar/onctl/cmd/ssh.go:79.3,79.50 1 0
github.com/cdalar/onctl/cmd/ssh.go:82.47,83.30 1 0
github.com/cdalar/onctl/cmd/ssh.go:83.30,85.18 2 0
github.com/cdalar/onctl/cmd/ssh.go:85.18,87.5 1 0
github.com/cdalar/onctl/cmd/ssh.go:88.4,92.24 3 0
github.com/cdalar/onctl/cmd/ssh.go:92.24,94.5 1 0
github.com/cdalar/onctl/cmd/ssh.go:95.4,95.24 1 0
github.com/cdalar/onctl/cmd/ssh.go:95.24,97.5 1 0
github.com/cdalar/onctl/cmd/ssh.go:98.4,98.34 1 0
github.com/cdalar/onctl/cmd/ssh.go:98.34,100.5 1 0
github.com/cdalar/onctl/cmd/ssh.go:101.4,101.37 1 0
github.com/cdalar/onctl/cmd/ssh.go:101.37,103.5 1 0
github.com/cdalar/onctl/cmd/ssh.go:104.4,104.35 1 0
github.com/cdalar/onctl/cmd/ssh.go:104.35,106.5 1 0
github.com/cdalar/onctl/cmd/ssh.go:107.4,107.31 1 0
github.com/cdalar/onctl/cmd/ssh.go:107.31,109.5 1 0
github.com/cdalar/onctl/cmd/ssh.go:110.4,110.33 1 0
github.com/cdalar/onctl/cmd/ssh.go:110.33,112.5 1 0
github.com/cdalar/onctl/cmd/ssh.go:113.4,113.29 1 0
github.com/cdalar/onctl/cmd/ssh.go:113.29,115.5 1 0
github.com/cdalar/onctl/cmd/ssh.go:118.3,122.21 4 0
github.com/cdalar/onctl/cmd/ssh.go:122.21,125.4 2 0
github.com/cdalar/onctl/cmd/ssh.go:126.3,133.17 7 0
github.com/cdalar/onctl/cmd/ssh.go:133.17,135.4 1 0
github.com/cdalar/onctl/cmd/ssh.go:136.3,137.17 2 0
github.com/cdalar/onctl/cmd/ssh.go:137.17,139.4 1 0
github.com/cdalar/onctl/cmd/ssh.go:142.3,143.28 2 0
github.com/cdalar/onctl/cmd/ssh.go:143.28,145.18 2 0
github.com/cdalar/onctl/cmd/ssh.go:145.18,147.5 1 0
github.com/cdalar/onctl/cmd/ssh.go:147.10,150.5 2 0
github.com/cdalar/onctl/cmd/ssh.go:154.3,155.66 2 0
github.com/cdalar/onctl/cmd/ssh.go:155.66,157.51 1 0
github.com/cdalar/onctl/cmd/ssh.go:157.51,160.5 2 0
github.com/cdalar/onctl/cmd/ssh.go:160.10,162.5 1 0
github.com/cdalar/onctl/cmd/ssh.go:163.9,165.39 1 0
github.com/cdalar/onctl/cmd/ssh.go:165.39,168.5 2 0
github.com/cdalar/onctl/cmd/ssh.go:168.10,170.5 1 0
github.com/cdalar/onctl/cmd/ssh.go:173.3,182.30 2 0
github.com/cdalar/onctl/cmd/ssh.go:182.30,184.18 2 0
github.com/cdalar/onctl/cmd/ssh.go:184.18,186.5 1 0
github.com/cdalar/onctl/cmd/ssh.go:187.4,187.62 1 0
github.com/cdalar/onctl/cmd/ssh.go:190.3,190.34 1 0
github.com/cdalar/onctl/cmd/ssh.go:190.34,192.4 1 0
github.com/cdalar/onctl/cmd/ssh.go:195.3,195.44 1 0
github.com/cdalar/onctl/cmd/ssh.go:195.44,203.18 4 0
github.com/cdalar/onctl/cmd/ssh.go:203.18,205.5 1 0
github.com/cdalar/onctl/cmd/ssh.go:206.4,207.83 2 0
github.com/cdalar/onctl/cmd/ssh.go:212.3,212.36 1 0
github.com/cdalar/onctl/cmd/ssh.go:212.36,214.4 1 0
github.com/cdalar/onctl/cmd/ssh.go:215.3,215.124 1 0
github.com/cdalar/onctl/cmd/ssh.go:215.124,224.4 1 0
github.com/cdalar/onctl/cmd/templates.go:29.13,33.2 3 1
github.com/cdalar/onctl/cmd/templates.go:46.47,50.22 3 0
github.com/cdalar/onctl/cmd/templates.go:50.22,53.18 2 0
github.com/cdalar/onctl/cmd/templates.go:53.18,56.5 2 0
github.com/cdalar/onctl/cmd/templates.go:57.9,60.18 2 0
github.com/cdalar/onctl/cmd/templates.go:60.18,63.5 2 0
github.com/cdalar/onctl/cmd/templates.go:64.4,64.17 1 0
github.com/cdalar/onctl/cmd/templates.go:64.17,65.45 1 0
github.com/cdalar/onctl/cmd/templates.go:65.45,67.6 1 0
github.com/cdalar/onctl/cmd/templates.go:71.4,71.46 1 0
github.com/cdalar/onctl/cmd/templates.go:71.46,75.5 3 0
github.com/cdalar/onctl/cmd/templates.go:78.4,78.40 1 0
github.com/cdalar/onctl/cmd/templates.go:78.40,81.5 2 0
github.com/cdalar/onctl/cmd/templates.go:83.4,84.18 2 0
github.com/cdalar/onctl/cmd/templates.go:84.18,87.5 2 0
github.com/cdalar/onctl/cmd/templates.go:91.3,93.17 3 0
github.com/cdalar/onctl/cmd/templates.go:93.17,96.4 2 0
github.com/cdalar/onctl/cmd/templates.go:99.3,102.25 3 0
github.com/cdalar/onctl/cmd/version.go:16.47,18.3 1 1
github.com/cdalar/onctl/cmd/vm.go:15.13,22.2 6 1
github.com/cdalar/onctl/cmd/vm.go:33.47,37.17 3 0
github.com/cdalar/onctl/cmd/vm.go:37.17,39.4 1 0
github.com/cdalar/onctl/cmd/vm.go:40.3,42.17 3 0
github.com/cdalar/onctl/cmd/vm.go:42.17,44.4 1 0
github.com/cdalar/onctl/cmd/vm.go:45.3,47.17 3 0
github.com/cdalar/onctl/cmd/vm.go:47.17,49.4 1 0
github.com/cdalar/onctl/cmd/vm.go:56.47,60.17 3 0
github.com/cdalar/onctl/cmd/vm.go:60.17,62.4 1 0
github.com/cdalar/onctl/cmd/vm.go:63.3,65.17 3 0
github.com/cdalar/onctl/cmd/vm.go:65.17,67.4 1 0
github.com/cdalar/onctl/cmd/vm.go:68.3,70.17 3 0
github.com/cdalar/onctl/cmd/vm.go:70.17,72.4 1 0
